#
# There is insufficient memory for the Java Runtime Environment to continue.
# Native memory allocation (mmap) failed to map 1048576 bytes. Error detail: G1 virtual space
# Possible reasons:
#   The system is out of physical RAM or swap space
#   This process is running with CompressedOops enabled, and the Java Heap may be blocking the growth of the native heap
# Possible solutions:
#   Reduce memory load on the system
#   Increase physical memory or swap space
#   Check if swap backing store is full
#   Decrease Java heap size (-Xmx/-Xms)
#   Decrease number of Java threads
#   Decrease Java thread stack sizes (-Xss)
#   Set larger code cache with -XX:ReservedCodeCacheSize=
#   JVM is running with Unscaled Compressed Oops mode in which the Java heap is
#     placed in the first 4GB address space. The Java Heap base address is the
#     maximum limit for the native heap growth. Please use -XX:HeapBaseMinAddress
#     to set the Java Heap base and to place the Java Heap above 4GB virtual address.
# This output file may be truncated or incomplete.
#
#  Out of Memory Error (os_windows.cpp:3713), pid=31448, tid=20620
#
# JRE version: OpenJDK Runtime Environment Corretto-21.0.9.10.1 (21.0.9+10) (build 21.0.9+10-LTS)
# Java VM: OpenJDK 64-Bit Server VM Corretto-21.0.9.10.1 (21.0.9+10-LTS, mixed mode, sharing, tiered, compressed oops, compressed class ptrs, g1 gc, windows-amd64)
# No core dump will be written. Minidumps are not enabled by default on client versions of Windows
#

---------------  S U M M A R Y ------------

Command Line: -javaagent:C:\Program Files\JetBrains\IntelliJ IDEA Community Edition 2025.1.3\lib\idea_rt.jar=58205 -Dfile.encoding=UTF-8 -Dsun.stdout.encoding=UTF-8 -Dsun.stderr.encoding=UTF-8 com.pepino.albumservice.AlbumServiceApplication

Host: AMD Ryzen 3 5300U with Radeon Graphics         , 8 cores, 7G,  Windows 11 , 64 bit Build 26100 (10.0.26100.7623)
Time: Sat Feb  7 19:06:44 2026 elapsed time: 110.454895 seconds (0d 0h 1m 50s)

---------------  T H R E A D  ---------------

Current thread (0x0000022d1d6989e0):  WorkerThread "GC Thread#7"    [id=20620, stack(0x000000d468700000,0x000000d468800000) (1024K)]

Stack: [0x000000d468700000,0x000000d468800000]
Native frames: (J=compiled Java code, j=interpreted, Vv=VM code, C=native code)
V  [jvm.dll+0x6de6a9]
V  [jvm.dll+0x8bbdeb]
V  [jvm.dll+0x8be37a]
V  [jvm.dll+0x8bea53]
V  [jvm.dll+0x28a1d6]
V  [jvm.dll+0x6db005]
V  [jvm.dll+0x6cefba]
V  [jvm.dll+0x36498e]
V  [jvm.dll+0x36c85b]
V  [jvm.dll+0x3bded0]
V  [jvm.dll+0x3be551]
V  [jvm.dll+0x3be60f]
V  [jvm.dll+0x33a0dc]
V  [jvm.dll+0x339e35]
V  [jvm.dll+0x328af6]
V  [jvm.dll+0x32990a]
V  [jvm.dll+0x329d12]
V  [jvm.dll+0x32976d]
V  [jvm.dll+0x3667b6]
V  [jvm.dll+0x366b10]
V  [jvm.dll+0x367cef]
V  [jvm.dll+0x36439e]
V  [jvm.dll+0x37127e]
V  [jvm.dll+0x373062]
V  [jvm.dll+0x3715ea]
V  [jvm.dll+0x372c93]
V  [jvm.dll+0x37d5b3]
V  [jvm.dll+0x37d6fe]
V  [jvm.dll+0x8e9de1]
V  [jvm.dll+0x865f4d]
V  [jvm.dll+0x6dcead]
C  [ucrtbase.dll+0x37b0]
C  [KERNEL32.DLL+0x2e8d7]
C  [ntdll.dll+0x8c53c]


---------------  P R O C E S S  ---------------

Threads class SMR info:
_java_thread_list=0x0000022d1f08a300, length=51, elements={
0x0000022cd70a0540, 0x0000022cd70a1b00, 0x0000022cd70a6b60, 0x0000022cd70a8120,
0x0000022cd70b1820, 0x0000022cd70b8870, 0x0000022cd70bf0c0, 0x0000022cd70c06c0,
0x0000022cd70b8f00, 0x0000022cd70b81e0, 0x0000022cd70b6e30, 0x0000022d1de6f0e0,
0x0000022d1de6f770, 0x0000022d1de6fe00, 0x0000022d1de70b20, 0x0000022d1de6e3c0,
0x0000022d1de6dd30, 0x0000022cd70b7b50, 0x0000022cd70b9590, 0x0000022d1de6ea50,
0x0000022d1d257dd0, 0x0000022d1d258460, 0x0000022d1d258af0, 0x0000022d1d25abc0,
0x0000022d1d25b250, 0x0000022d1d259ea0, 0x0000022d1d25a530, 0x0000022d1d259180,
0x0000022d1d25b8e0, 0x0000022d1d25bf70, 0x0000022d1d25c600, 0x0000022d1d25cc90,
0x0000022d1d25e040, 0x0000022d1d25e6d0, 0x0000022d1d25d320, 0x0000022d1d25d9b0,
0x0000022d1d25ed60, 0x0000022d1d25f3f0, 0x0000022d20b1f7c0, 0x0000022d20b1e410,
0x0000022d20b1d060, 0x0000022d20b20b70, 0x0000022d20b1d6f0, 0x0000022d20b21200,
0x0000022d20b1eaa0, 0x0000022d20b1f130, 0x0000022d20b1fe50, 0x0000022d20b1dd80,
0x0000022d20b22c40, 0x0000022d20b225b0, 0x0000022d209722a0
}

Java Threads: ( => current thread )
  0x0000022cd70a0540 JavaThread "Reference Handler"          daemon [_thread_blocked, id=8972, stack(0x000000d467400000,0x000000d467500000) (1024K)]
  0x0000022cd70a1b00 JavaThread "Finalizer"                  daemon [_thread_blocked, id=13616, stack(0x000000d467500000,0x000000d467600000) (1024K)]
  0x0000022cd70a6b60 JavaThread "Signal Dispatcher"          daemon [_thread_blocked, id=14304, stack(0x000000d467600000,0x000000d467700000) (1024K)]
  0x0000022cd70a8120 JavaThread "Attach Listener"            daemon [_thread_blocked, id=18604, stack(0x000000d467700000,0x000000d467800000) (1024K)]
  0x0000022cd70b1820 JavaThread "Service Thread"             daemon [_thread_blocked, id=28464, stack(0x000000d467800000,0x000000d467900000) (1024K)]
  0x0000022cd70b8870 JavaThread "Monitor Deflation Thread"   daemon [_thread_blocked, id=32032, stack(0x000000d467900000,0x000000d467a00000) (1024K)]
  0x0000022cd70bf0c0 JavaThread "C2 CompilerThread0"         daemon [_thread_blocked, id=29320, stack(0x000000d467a00000,0x000000d467b00000) (1024K)]
  0x0000022cd70c06c0 JavaThread "C1 CompilerThread0"         daemon [_thread_blocked, id=19028, stack(0x000000d467b00000,0x000000d467c00000) (1024K)]
  0x0000022cd70b8f00 JavaThread "Common-Cleaner"             daemon [_thread_blocked, id=27076, stack(0x000000d467d00000,0x000000d467e00000) (1024K)]
  0x0000022cd70b81e0 JavaThread "Monitor Ctrl-Break"         daemon [_thread_in_native, id=12076, stack(0x000000d467c00000,0x000000d467d00000) (1024K)]
  0x0000022cd70b6e30 JavaThread "Notification Thread"        daemon [_thread_blocked, id=16184, stack(0x000000d467e00000,0x000000d467f00000) (1024K)]
  0x0000022d1de6f0e0 JavaThread "Catalina-utility-1"                [_thread_blocked, id=32364, stack(0x000000d468400000,0x000000d468500000) (1024K)]
  0x0000022d1de6f770 JavaThread "Catalina-utility-2"                [_thread_blocked, id=30964, stack(0x000000d468900000,0x000000d468a00000) (1024K)]
  0x0000022d1de6fe00 JavaThread "container-0"                       [_thread_blocked, id=32532, stack(0x000000d468a00000,0x000000d468b00000) (1024K)]
  0x0000022d1de70b20 JavaThread "PostgreSQL-JDBC-Cleaner"    daemon [_thread_blocked, id=2248, stack(0x000000d468c00000,0x000000d468d00000) (1024K)]
  0x0000022d1de6e3c0 JavaThread "HikariPool-1 housekeeper"   daemon [_thread_blocked, id=10692, stack(0x000000d468d00000,0x000000d468e00000) (1024K)]
  0x0000022d1de6dd30 JavaThread "spring.cloud.inetutils"     daemon [_thread_blocked, id=30488, stack(0x000000d469000000,0x000000d469100000) (1024K)]
  0x0000022cd70b7b50 JavaThread "spectator-gauge-polling-0"  daemon [_thread_blocked, id=11116, stack(0x000000d468e00000,0x000000d468f00000) (1024K)]
  0x0000022cd70b9590 JavaThread "AsyncResolver-bootstrap-%d" daemon [_thread_blocked, id=32420, stack(0x000000d468f00000,0x000000d469000000) (1024K)]
  0x0000022d1de6ea50 JavaThread "DiscoveryClient-%d"         daemon [_thread_blocked, id=28028, stack(0x000000d469100000,0x000000d469200000) (1024K)]
  0x0000022d1d257dd0 JavaThread "DiscoveryClient-%d"         daemon [_thread_blocked, id=29676, stack(0x000000d469200000,0x000000d469300000) (1024K)]
  0x0000022d1d258460 JavaThread "DiscoveryClient-InstanceInfoReplicator-%d" daemon [_thread_blocked, id=10708, stack(0x000000d469300000,0x000000d469400000) (1024K)]
  0x0000022d1d258af0 JavaThread "http-nio-8082-exec-1"       daemon [_thread_blocked, id=21696, stack(0x000000d469400000,0x000000d469500000) (1024K)]
  0x0000022d1d25abc0 JavaThread "http-nio-8082-exec-2"       daemon [_thread_blocked, id=27784, stack(0x000000d469500000,0x000000d469600000) (1024K)]
  0x0000022d1d25b250 JavaThread "http-nio-8082-exec-3"       daemon [_thread_blocked, id=31252, stack(0x000000d469600000,0x000000d469700000) (1024K)]
  0x0000022d1d259ea0 JavaThread "http-nio-8082-exec-4"       daemon [_thread_blocked, id=25840, stack(0x000000d469700000,0x000000d469800000) (1024K)]
  0x0000022d1d25a530 JavaThread "http-nio-8082-exec-5"       daemon [_thread_blocked, id=25660, stack(0x000000d469800000,0x000000d469900000) (1024K)]
  0x0000022d1d259180 JavaThread "http-nio-8082-exec-6"       daemon [_thread_blocked, id=26044, stack(0x000000d469900000,0x000000d469a00000) (1024K)]
  0x0000022d1d25b8e0 JavaThread "http-nio-8082-exec-7"       daemon [_thread_blocked, id=16868, stack(0x000000d469a00000,0x000000d469b00000) (1024K)]
  0x0000022d1d25bf70 JavaThread "http-nio-8082-exec-8"       daemon [_thread_blocked, id=1764, stack(0x000000d469b00000,0x000000d469c00000) (1024K)]
  0x0000022d1d25c600 JavaThread "http-nio-8082-exec-9"       daemon [_thread_blocked, id=29596, stack(0x000000d469c00000,0x000000d469d00000) (1024K)]
  0x0000022d1d25cc90 JavaThread "http-nio-8082-exec-10"      daemon [_thread_blocked, id=32396, stack(0x000000d469d00000,0x000000d469e00000) (1024K)]
  0x0000022d1d25e040 JavaThread "http-nio-8082-Acceptor"     daemon [_thread_blocked, id=31828, stack(0x000000d469f00000,0x000000d46a000000) (1024K)]
  0x0000022d1d25e6d0 JavaThread "DestroyJavaVM"                     [_thread_blocked, id=3784, stack(0x000000d466c00000,0x000000d466d00000) (1024K)]
  0x0000022d1d25d320 JavaThread "DiscoveryClient-CacheRefreshExecutor-%d" daemon [_thread_blocked, id=5476, stack(0x000000d46a100000,0x000000d46a200000) (1024K)]
  0x0000022d1d25d9b0 JavaThread "DiscoveryClient-HeartbeatExecutor-%d" daemon [_thread_blocked, id=27124, stack(0x000000d46a200000,0x000000d46a300000) (1024K)]
  0x0000022d1d25ed60 JavaThread "http-nio-8082-exec-11"      daemon [_thread_blocked, id=30644, stack(0x000000d466900000,0x000000d466a00000) (1024K)]
  0x0000022d1d25f3f0 JavaThread "http-nio-8082-exec-12"      daemon [_thread_blocked, id=3540, stack(0x000000d466a00000,0x000000d466b00000) (1024K)]
  0x0000022d20b1f7c0 JavaThread "http-nio-8082-exec-13"      daemon [_thread_blocked, id=19100, stack(0x000000d466b00000,0x000000d466c00000) (1024K)]
  0x0000022d20b1e410 JavaThread "http-nio-8082-exec-14"      daemon [_thread_blocked, id=31100, stack(0x000000d46a300000,0x000000d46a400000) (1024K)]
  0x0000022d20b1d060 JavaThread "http-nio-8082-exec-15"      daemon [_thread_blocked, id=3596, stack(0x000000d46a400000,0x000000d46a500000) (1024K)]
  0x0000022d20b20b70 JavaThread "http-nio-8082-exec-16"      daemon [_thread_blocked, id=1688, stack(0x000000d46a500000,0x000000d46a600000) (1024K)]
  0x0000022d20b1d6f0 JavaThread "http-nio-8082-exec-17"      daemon [_thread_blocked, id=31020, stack(0x000000d46a600000,0x000000d46a700000) (1024K)]
  0x0000022d20b21200 JavaThread "http-nio-8082-exec-18"      daemon [_thread_blocked, id=4148, stack(0x000000d46a700000,0x000000d46a800000) (1024K)]
  0x0000022d20b1eaa0 JavaThread "http-nio-8082-exec-19"      daemon [_thread_blocked, id=23060, stack(0x000000d46a800000,0x000000d46a900000) (1024K)]
  0x0000022d20b1f130 JavaThread "http-nio-8082-exec-20"      daemon [_thread_blocked, id=30860, stack(0x000000d46a900000,0x000000d46aa00000) (1024K)]
  0x0000022d20b1fe50 JavaThread "http-nio-8082-exec-21"      daemon [_thread_blocked, id=25396, stack(0x000000d46aa00000,0x000000d46ab00000) (1024K)]
  0x0000022d20b1dd80 JavaThread "http-nio-8082-exec-22"      daemon [_thread_blocked, id=9780, stack(0x000000d46ab00000,0x000000d46ac00000) (1024K)]
  0x0000022d20b22c40 JavaThread "http-nio-8082-exec-23"      daemon [_thread_blocked, id=14712, stack(0x000000d46ac00000,0x000000d46ad00000) (1024K)]
  0x0000022d20b225b0 JavaThread "http-nio-8082-exec-24"      daemon [_thread_blocked, id=13660, stack(0x000000d46ad00000,0x000000d46ae00000) (1024K)]
  0x0000022d209722a0 JavaThread "C2 CompilerThread1"         daemon [_thread_blocked, id=24864, stack(0x000000d469e00000,0x000000d469f00000) (1024K)]
Total: 51

Other Threads:
  0x0000022cd707f640 VMThread "VM Thread"                           [id=25008, stack(0x000000d467300000,0x000000d467400000) (1024K)]
  0x0000022cd706d860 WatcherThread "VM Periodic Task Thread"        [id=24708, stack(0x000000d467200000,0x000000d467300000) (1024K)]
  0x0000022cb895b830 WorkerThread "GC Thread#0"                     [id=29860, stack(0x000000d466d00000,0x000000d466e00000) (1024K)]
  0x0000022d1d031f00 WorkerThread "GC Thread#1"                     [id=25788, stack(0x000000d468000000,0x000000d468100000) (1024K)]
  0x0000022d1d332e20 WorkerThread "GC Thread#2"                     [id=9028, stack(0x000000d468100000,0x000000d468200000) (1024K)]
  0x0000022d1d06bb70 WorkerThread "GC Thread#3"                     [id=3312, stack(0x000000d468200000,0x000000d468300000) (1024K)]
  0x0000022d1d06bf10 WorkerThread "GC Thread#4"                     [id=32608, stack(0x000000d468300000,0x000000d468400000) (1024K)]
  0x0000022d1d699c00 WorkerThread "GC Thread#5"                     [id=8296, stack(0x000000d468500000,0x000000d468600000) (1024K)]
  0x0000022d1d698d80 WorkerThread "GC Thread#6"                     [id=20648, stack(0x000000d468600000,0x000000d468700000) (1024K)]
=>0x0000022d1d6989e0 WorkerThread "GC Thread#7"                     [id=20620, stack(0x000000d468700000,0x000000d468800000) (1024K)]
  0x0000022cb896d120 ConcurrentGCThread "G1 Main Marker"            [id=15876, stack(0x000000d466e00000,0x000000d466f00000) (1024K)]
  0x0000022cb896dc20 WorkerThread "G1 Conc#0"                       [id=10648, stack(0x000000d466f00000,0x000000d467000000) (1024K)]
  0x0000022d1d699860 WorkerThread "G1 Conc#1"                       [id=30724, stack(0x000000d467f00000,0x000000d468000000) (1024K)]
  0x0000022cd6f3e9d0 ConcurrentGCThread "G1 Refine#0"               [id=31092, stack(0x000000d467000000,0x000000d467100000) (1024K)]
  0x0000022cd6f42210 ConcurrentGCThread "G1 Service"                [id=1372, stack(0x000000d467100000,0x000000d467200000) (1024K)]
Total: 15

Threads with active compile tasks:
C2 CompilerThread0  110504 7767       4       java.lang.invoke.MemberName$Factory::resolveOrFail (79 bytes)
C1 CompilerThread0  110504 7791       3       jakarta.servlet.http.HttpServletRequestWrapper::_getHttpServletRequest (8 bytes)
C2 CompilerThread1  110504 7773       4       java.util.Properties$LineReader::readLine (584 bytes)
Total: 3

VM state: at safepoint (normal execution)

VM Mutex/Monitor currently owned by a thread:  ([mutex/lock_event])
[0x00007ffede0e2ff0] FreeList_lock - owner thread: 0x0000022d1d6989e0
[0x00007ffede0e5570] Threads_lock - owner thread: 0x0000022cd707f640
[0x00007ffede0e5670] Heap_lock - owner thread: 0x0000022d1d25abc0

OutOfMemory and StackOverflow Exception counts:
OutOfMemoryError java_heap_errors=1
LinkageErrors=159

Heap address: 0x000000008ac00000, size: 1876 MB, Compressed Oops mode: 32-bit

CDS archive(s) mapped at: [0x0000022cd8000000-0x0000022cd8c80000-0x0000022cd8c80000), size 13107200, SharedBaseAddress: 0x0000022cd8000000, ArchiveRelocationMode: 1.
Compressed class space mapped at: 0x0000022cd9000000-0x0000022d19000000, reserved size: 1073741824
Narrow klass base: 0x0000022cd8000000, Narrow klass shift: 0, Narrow klass range: 0x100000000

GC Precious Log:
 CardTable entry size: 512
 Card Set container configuration: InlinePtr #cards 5 size 8 Array Of Cards #cards 12 size 40 Howl #buckets 4 coarsen threshold 1843 Howl Bitmap #cards 512 size 80 coarsen threshold 460 Card regions per heap region 1 cards per card region 2048
 CPUs: 8 total, 8 available
 Memory: 7502M
 Large Page Support: Disabled
 NUMA Support: Disabled
 Compressed Oops: Enabled (32-bit)
 Heap Region Size: 1M
 Heap Min Capacity: 8M
 Heap Initial Capacity: 118M
 Heap Max Capacity: 1876M
 Pre-touch: Disabled
 Parallel Workers: 8
 Concurrent Workers: 2
 Concurrent Refinement Workers: 8
 Periodic GC: Disabled

Heap:
 garbage-first heap   total 69632K, used 61698K [0x000000008ac00000, 0x0000000100000000)
  region size 1024K, 20 young (20480K), 3 survivors (3072K)
 Metaspace       used 83785K, committed 84544K, reserved 1179648K
  class space    used 11440K, committed 11776K, reserved 1048576K

Heap Regions: E=young(eden), S=young(survivor), O=old, HS=humongous(starts), HC=humongous(continues), CS=collection set, F=free, TAMS=top-at-mark-start, PB=parsable bottom
|   0|0x000000008ac00000, 0x000000008ad00000, 0x000000008ad00000|100%|HS|  |TAMS 0x000000008ad00000| PB 0x000000008ac00000| Complete 
|   1|0x000000008ad00000, 0x000000008ae00000, 0x000000008ae00000|100%|HS|  |TAMS 0x000000008ae00000| PB 0x000000008ad00000| Complete 
|   2|0x000000008ae00000, 0x000000008af00000, 0x000000008af00000|100%| O|  |TAMS 0x000000008af00000| PB 0x000000008ae00000| Untracked 
|   3|0x000000008af00000, 0x000000008b000000, 0x000000008b000000|100%| O|  |TAMS 0x000000008b000000| PB 0x000000008af00000| Untracked 
|   4|0x000000008b000000, 0x000000008b100000, 0x000000008b100000|100%| O|  |TAMS 0x000000008b100000| PB 0x000000008b000000| Untracked 
|   5|0x000000008b100000, 0x000000008b200000, 0x000000008b200000|100%| O|  |TAMS 0x000000008b200000| PB 0x000000008b100000| Untracked 
|   6|0x000000008b200000, 0x000000008b300000, 0x000000008b300000|100%| O|  |TAMS 0x000000008b300000| PB 0x000000008b200000| Untracked 
|   7|0x000000008b300000, 0x000000008b400000, 0x000000008b400000|100%| O|  |TAMS 0x000000008b400000| PB 0x000000008b300000| Untracked 
|   8|0x000000008b400000, 0x000000008b500000, 0x000000008b500000|100%| O|  |TAMS 0x000000008b500000| PB 0x000000008b400000| Untracked 
|   9|0x000000008b500000, 0x000000008b600000, 0x000000008b600000|100%| O|  |TAMS 0x000000008b600000| PB 0x000000008b500000| Untracked 
|  10|0x000000008b600000, 0x000000008b700000, 0x000000008b700000|100%| O|  |TAMS 0x000000008b700000| PB 0x000000008b600000| Untracked 
|  11|0x000000008b700000, 0x000000008b800000, 0x000000008b800000|100%| O|  |TAMS 0x000000008b800000| PB 0x000000008b700000| Untracked 
|  12|0x000000008b800000, 0x000000008b900000, 0x000000008b900000|100%| O|  |TAMS 0x000000008b900000| PB 0x000000008b800000| Untracked 
|  13|0x000000008b900000, 0x000000008ba00000, 0x000000008ba00000|100%| O|  |TAMS 0x000000008b900000| PB 0x000000008b900000| Untracked 
|  14|0x000000008ba00000, 0x000000008bb00000, 0x000000008bb00000|100%| O|  |TAMS 0x000000008ba00000| PB 0x000000008ba00000| Untracked 
|  15|0x000000008bb00000, 0x000000008bc00000, 0x000000008bc00000|100%| O|  |TAMS 0x000000008bc00000| PB 0x000000008bb00000| Untracked 
|  16|0x000000008bc00000, 0x000000008bd00000, 0x000000008bd00000|100%| O|  |TAMS 0x000000008bd00000| PB 0x000000008bc00000| Untracked 
|  17|0x000000008bd00000, 0x000000008be00000, 0x000000008be00000|100%| O|  |TAMS 0x000000008be00000| PB 0x000000008bd00000| Untracked 
|  18|0x000000008be00000, 0x000000008bf00000, 0x000000008bf00000|100%| O|  |TAMS 0x000000008bf00000| PB 0x000000008be00000| Untracked 
|  19|0x000000008bf00000, 0x000000008c000000, 0x000000008c000000|100%| O|  |TAMS 0x000000008c000000| PB 0x000000008bf00000| Untracked 
|  20|0x000000008c000000, 0x000000008c100000, 0x000000008c100000|100%| O|  |TAMS 0x000000008c100000| PB 0x000000008c000000| Untracked 
|  21|0x000000008c100000, 0x000000008c200000, 0x000000008c200000|100%| O|  |TAMS 0x000000008c200000| PB 0x000000008c100000| Untracked 
|  22|0x000000008c200000, 0x000000008c300000, 0x000000008c300000|100%| O|  |TAMS 0x000000008c300000| PB 0x000000008c200000| Untracked 
|  23|0x000000008c300000, 0x000000008c400000, 0x000000008c400000|100%| O|  |TAMS 0x000000008c400000| PB 0x000000008c300000| Untracked 
|  24|0x000000008c400000, 0x000000008c500000, 0x000000008c500000|100%| O|  |TAMS 0x000000008c500000| PB 0x000000008c400000| Untracked 
|  25|0x000000008c500000, 0x000000008c600000, 0x000000008c600000|100%| O|  |TAMS 0x000000008c600000| PB 0x000000008c500000| Untracked 
|  26|0x000000008c600000, 0x000000008c700000, 0x000000008c700000|100%| O|  |TAMS 0x000000008c700000| PB 0x000000008c600000| Untracked 
|  27|0x000000008c700000, 0x000000008c800000, 0x000000008c800000|100%| O|  |TAMS 0x000000008c800000| PB 0x000000008c700000| Untracked 
|  28|0x000000008c800000, 0x000000008c900000, 0x000000008c900000|100%| O|  |TAMS 0x000000008c900000| PB 0x000000008c800000| Untracked 
|  29|0x000000008c900000, 0x000000008ca00000, 0x000000008ca00000|100%| O|  |TAMS 0x000000008ca00000| PB 0x000000008c900000| Untracked 
|  30|0x000000008ca00000, 0x000000008cb00000, 0x000000008cb00000|100%| O|  |TAMS 0x000000008cb00000| PB 0x000000008ca00000| Untracked 
|  31|0x000000008cb00000, 0x000000008cc00000, 0x000000008cc00000|100%| O|  |TAMS 0x000000008cc00000| PB 0x000000008cb00000| Untracked 
|  32|0x000000008cc00000, 0x000000008cd00000, 0x000000008cd00000|100%| O|  |TAMS 0x000000008cd00000| PB 0x000000008cc00000| Untracked 
|  33|0x000000008cd00000, 0x000000008ce00000, 0x000000008ce00000|100%| O|  |TAMS 0x000000008ce00000| PB 0x000000008cd00000| Untracked 
|  34|0x000000008ce00000, 0x000000008cf00000, 0x000000008cf00000|100%| O|  |TAMS 0x000000008cf00000| PB 0x000000008ce00000| Untracked 
|  35|0x000000008cf00000, 0x000000008d000000, 0x000000008d000000|100%| O|  |TAMS 0x000000008d000000| PB 0x000000008cf00000| Untracked 
|  36|0x000000008d000000, 0x000000008d100000, 0x000000008d100000|100%| O|  |TAMS 0x000000008d100000| PB 0x000000008d000000| Untracked 
|  37|0x000000008d100000, 0x000000008d200000, 0x000000008d200000|100%| O|  |TAMS 0x000000008d200000| PB 0x000000008d100000| Untracked 
|  38|0x000000008d200000, 0x000000008d300000, 0x000000008d300000|100%| O|  |TAMS 0x000000008d300000| PB 0x000000008d200000| Untracked 
|  39|0x000000008d300000, 0x000000008d400000, 0x000000008d400000|100%| O|  |TAMS 0x000000008d400000| PB 0x000000008d300000| Untracked 
|  40|0x000000008d400000, 0x000000008d500000, 0x000000008d500000|100%| O|  |TAMS 0x000000008d400000| PB 0x000000008d400000| Untracked 
|  41|0x000000008d500000, 0x000000008d600000, 0x000000008d600000|100%| O|  |TAMS 0x000000008d600000| PB 0x000000008d500000| Untracked 
|  42|0x000000008d600000, 0x000000008d700000, 0x000000008d700000|100%| O|  |TAMS 0x000000008d700000| PB 0x000000008d600000| Untracked 
|  43|0x000000008d700000, 0x000000008d800000, 0x000000008d800000|100%| O|  |TAMS 0x000000008d700000| PB 0x000000008d700000| Untracked 
|  44|0x000000008d800000, 0x000000008d900000, 0x000000008d900000|100%| S|  |TAMS 0x000000008d800000| PB 0x000000008d800000| Complete 
|  45|0x000000008d900000, 0x000000008da00000, 0x000000008da00000|100%| E|CS|TAMS 0x000000008d900000| PB 0x000000008d900000| Complete 
|  46|0x000000008da00000, 0x000000008db00000, 0x000000008db00000|100%| E|CS|TAMS 0x000000008da00000| PB 0x000000008da00000| Complete 
|  47|0x000000008db00000, 0x000000008dc00000, 0x000000008dc00000|100%| E|CS|TAMS 0x000000008db00000| PB 0x000000008db00000| Complete 
|  48|0x000000008dc00000, 0x000000008dd00000, 0x000000008dd00000|100%| S|  |TAMS 0x000000008dc00000| PB 0x000000008dc00000| Complete 
|  49|0x000000008dd00000, 0x000000008de00000, 0x000000008de00000|100%| S|  |TAMS 0x000000008dd00000| PB 0x000000008dd00000| Complete 
|  50|0x000000008de00000, 0x000000008df00000, 0x000000008df00000|100%| E|CS|TAMS 0x000000008de00000| PB 0x000000008de00000| Complete 
|  51|0x000000008df00000, 0x000000008e000000, 0x000000008e000000|100%| E|CS|TAMS 0x000000008df00000| PB 0x000000008df00000| Complete 
|  52|0x000000008e000000, 0x000000008e100000, 0x000000008e100000|100%| E|CS|TAMS 0x000000008e000000| PB 0x000000008e000000| Complete 
|  53|0x000000008e100000, 0x000000008e200000, 0x000000008e200000|100%| E|CS|TAMS 0x000000008e100000| PB 0x000000008e100000| Complete 
|  54|0x000000008e200000, 0x000000008e300000, 0x000000008e300000|100%| E|CS|TAMS 0x000000008e200000| PB 0x000000008e200000| Complete 
|  55|0x000000008e300000, 0x000000008e400000, 0x000000008e400000|100%| E|CS|TAMS 0x000000008e300000| PB 0x000000008e300000| Complete 
|  56|0x000000008e400000, 0x000000008e500000, 0x000000008e500000|100%| E|CS|TAMS 0x000000008e400000| PB 0x000000008e400000| Complete 
|  57|0x000000008e500000, 0x000000008e600000, 0x000000008e600000|100%| E|CS|TAMS 0x000000008e500000| PB 0x000000008e500000| Complete 
|  58|0x000000008e600000, 0x000000008e700000, 0x000000008e700000|100%| E|CS|TAMS 0x000000008e600000| PB 0x000000008e600000| Complete 
|  59|0x000000008e700000, 0x000000008e800000, 0x000000008e800000|100%| E|CS|TAMS 0x000000008e700000| PB 0x000000008e700000| Complete 
|  60|0x000000008e800000, 0x000000008e900000, 0x000000008e900000|100%| E|CS|TAMS 0x000000008e800000| PB 0x000000008e800000| Complete 
|  61|0x000000008e900000, 0x000000008ea00000, 0x000000008ea00000|100%| E|CS|TAMS 0x000000008e900000| PB 0x000000008e900000| Complete 
|  62|0x000000008ea00000, 0x000000008eb00000, 0x000000008eb00000|100%| E|CS|TAMS 0x000000008ea00000| PB 0x000000008ea00000| Complete 
|  63|0x000000008eb00000, 0x000000008ec00000, 0x000000008ec00000|100%| E|CS|TAMS 0x000000008eb00000| PB 0x000000008eb00000| Complete 
|  64|0x000000008ec00000, 0x000000008ed00000, 0x000000008ed00000|100%| E|CS|TAMS 0x000000008ec00000| PB 0x000000008ec00000| Complete 
|  65|0x000000008ed00000, 0x000000008ee00000, 0x000000008ee00000|100%| E|CS|TAMS 0x000000008ed00000| PB 0x000000008ed00000| Complete 
| 117|0x0000000092100000, 0x0000000092200000, 0x0000000092200000|100%| E|CS|TAMS 0x0000000092100000| PB 0x0000000092100000| Complete 
|1875|0x00000000fff00000, 0x0000000100000000, 0x0000000100000000|100%| O|  |TAMS 0x00000000fff40bc0| PB 0x00000000fff00000| Untracked 

Card table byte_map: [0x0000022cd24e0000,0x0000022cd2890000] _byte_map_base: 0x0000022cd208a000

Marking Bits: (CMBitMap*) 0x0000022cb895cf40
 Bits: [0x0000022cd2890000, 0x0000022cd45e0000)

Polling page: 0x0000022cb8630000

Metaspace:

Usage:
  Non-class:     70.65 MB used.
      Class:     11.17 MB used.
       Both:     81.82 MB used.

Virtual space:
  Non-class space:      128.00 MB reserved,      71.06 MB ( 56%) committed,  2 nodes.
      Class space:        1.00 GB reserved,      11.50 MB (  1%) committed,  1 nodes.
             Both:        1.12 GB reserved,      82.56 MB (  7%) committed. 

Chunk freelists:
   Non-Class:  8.59 MB
       Class:  4.38 MB
        Both:  12.97 MB

MaxMetaspaceSize: unlimited
CompressedClassSpaceSize: 1.00 GB
Initial GC threshold: 21.00 MB
Current GC threshold: 121.81 MB
CDS: on
 - commit_granule_bytes: 65536.
 - commit_granule_words: 8192.
 - virtual_space_node_default_size: 8388608.
 - enlarge_chunks_in_place: 1.
 - use_allocation_guard: 0.


Internal statistics:

num_allocs_failed_limit: 9.
num_arena_births: 1130.
num_arena_deaths: 0.
num_vsnodes_births: 3.
num_vsnodes_deaths: 0.
num_space_committed: 1321.
num_space_uncommitted: 0.
num_chunks_returned_to_freelist: 9.
num_chunks_taken_from_freelist: 4147.
num_chunk_merges: 0.
num_chunk_splits: 3004.
num_chunks_enlarged: 2387.
num_inconsistent_stats: 0.

CodeHeap 'non-profiled nmethods': size=120000Kb used=5123Kb max_used=5123Kb free=114876Kb
 bounds [0x0000022cca1a0000, 0x0000022cca6b0000, 0x0000022cd16d0000]
CodeHeap 'profiled nmethods': size=120000Kb used=13154Kb max_used=13154Kb free=106845Kb
 bounds [0x0000022cc26d0000, 0x0000022cc33b0000, 0x0000022cc9c00000]
CodeHeap 'non-nmethods': size=5760Kb used=1619Kb max_used=1625Kb free=4141Kb
 bounds [0x0000022cc9c00000, 0x0000022cc9e70000, 0x0000022cca1a0000]
CodeCache: size=245760Kb, used=19896Kb, max_used=19902Kb, free=225862Kb
 total_blobs=7540, nmethods=6793, adapters=649, full_count=0
Compilation: enabled, stopped_count=0, restarted_count=0

Compilation events (20 events):
Event: 108.379 Thread 0x0000022cd70c06c0 7779       3       java.lang.invoke.MethodTypeForm::findForm (24 bytes)
Event: 108.380 Thread 0x0000022cd70c06c0 nmethod 7779 0x0000022cc33a5790 code [0x0000022cc33a5960, 0x0000022cc33a5ba8]
Event: 108.380 Thread 0x0000022cd70c06c0 7780       3       jdk.internal.util.ReferencedKeySet::intern (9 bytes)
Event: 108.380 Thread 0x0000022cd70c06c0 nmethod 7780 0x0000022cc33a5c90 code [0x0000022cc33a5e60, 0x0000022cc33a6078]
Event: 108.380 Thread 0x0000022cd70c06c0 7781       3       jdk.internal.util.ReferencedKeyMap::intern (18 bytes)
Event: 108.382 Thread 0x0000022cd70c06c0 nmethod 7781 0x0000022cc33a6190 code [0x0000022cc33a6420, 0x0000022cc33a7100]
Event: 108.382 Thread 0x0000022cd70c06c0 7784       3       java.nio.CharBuffer::allocate (20 bytes)
Event: 108.382 Thread 0x0000022cd70c06c0 nmethod 7784 0x0000022cc33a7510 code [0x0000022cc33a76e0, 0x0000022cc33a78f8]
Event: 108.382 Thread 0x0000022cd70c06c0 7785       3       java.nio.charset.CharsetDecoder::implFlush (4 bytes)
Event: 108.382 Thread 0x0000022cd70c06c0 nmethod 7785 0x0000022cc33a7a10 code [0x0000022cc33a7ba0, 0x0000022cc33a7cb8]
Event: 108.382 Thread 0x0000022cd70c06c0 7786       3       java.nio.charset.CharsetDecoder::flush (49 bytes)
Event: 108.383 Thread 0x0000022cd70c06c0 nmethod 7786 0x0000022cc33a7d90 code [0x0000022cc33a7f60, 0x0000022cc33a8328]
Event: 108.386 Thread 0x0000022cd70c06c0 7787       1       org.springframework.http.server.DefaultPathContainer::elements (5 bytes)
Event: 108.386 Thread 0x0000022cd70c06c0 nmethod 7787 0x0000022cca6a0410 code [0x0000022cca6a05a0, 0x0000022cca6a0668]
Event: 108.386 Thread 0x0000022cd70c06c0 7789       1       jakarta.servlet.ServletRequestWrapper::getRequest (5 bytes)
Event: 108.387 Thread 0x0000022cd70c06c0 nmethod 7789 0x0000022cca6a0710 code [0x0000022cca6a08a0, 0x0000022cca6a0968]
Event: 108.389 Thread 0x0000022cd70c06c0 7790       1       org.apache.coyote.Request::method (5 bytes)
Event: 108.390 Thread 0x0000022cd70c06c0 nmethod 7790 0x0000022cca6a0a10 code [0x0000022cca6a0ba0, 0x0000022cca6a0c68]
Event: 108.391 Thread 0x0000022cd70c06c0 7791       3       jakarta.servlet.http.HttpServletRequestWrapper::_getHttpServletRequest (8 bytes)
Event: 108.393 Thread 0x0000022cd70c06c0 nmethod 7791 0x0000022cc33a8490 code [0x0000022cc33a8640, 0x0000022cc33a8870]

GC Heap History (20 events):
Event: 7.820 GC heap after
{Heap after GC invocations=8 (full 0):
 garbage-first heap   total 68608K, used 26442K [0x000000008ac00000, 0x0000000100000000)
  region size 1024K, 1 young (1024K), 1 survivors (1024K)
 Metaspace       used 35500K, committed 36096K, reserved 1114112K
  class space    used 4632K, committed 4928K, reserved 1048576K
}
Event: 8.968 GC heap before
{Heap before GC invocations=9 (full 0):
 garbage-first heap   total 68608K, used 56138K [0x000000008ac00000, 0x0000000100000000)
  region size 1024K, 30 young (30720K), 1 survivors (1024K)
 Metaspace       used 41986K, committed 42560K, reserved 1114112K
  class space    used 5396K, committed 5696K, reserved 1048576K
}
Event: 8.972 GC heap after
{Heap after GC invocations=10 (full 0):
 garbage-first heap   total 68608K, used 29752K [0x000000008ac00000, 0x0000000100000000)
  region size 1024K, 4 young (4096K), 4 survivors (4096K)
 Metaspace       used 41986K, committed 42560K, reserved 1114112K
  class space    used 5396K, committed 5696K, reserved 1048576K
}
Event: 9.821 GC heap before
{Heap before GC invocations=10 (full 0):
 garbage-first heap   total 68608K, used 57400K [0x000000008ac00000, 0x0000000100000000)
  region size 1024K, 31 young (31744K), 4 survivors (4096K)
 Metaspace       used 46545K, committed 47232K, reserved 1114112K
  class space    used 5977K, committed 6272K, reserved 1048576K
}
Event: 9.825 GC heap after
{Heap after GC invocations=11 (full 0):
 garbage-first heap   total 68608K, used 30911K [0x000000008ac00000, 0x0000000100000000)
  region size 1024K, 2 young (2048K), 2 survivors (2048K)
 Metaspace       used 46545K, committed 47232K, reserved 1114112K
  class space    used 5977K, committed 6272K, reserved 1048576K
}
Event: 10.754 GC heap before
{Heap before GC invocations=11 (full 0):
 garbage-first heap   total 68608K, used 58559K [0x000000008ac00000, 0x0000000100000000)
  region size 1024K, 29 young (29696K), 2 survivors (2048K)
 Metaspace       used 54460K, committed 55104K, reserved 1114112K
  class space    used 7226K, committed 7488K, reserved 1048576K
}
Event: 10.757 GC heap after
{Heap after GC invocations=12 (full 0):
 garbage-first heap   total 68608K, used 32194K [0x000000008ac00000, 0x0000000100000000)
  region size 1024K, 3 young (3072K), 3 survivors (3072K)
 Metaspace       used 54460K, committed 55104K, reserved 1114112K
  class space    used 7226K, committed 7488K, reserved 1048576K
}
Event: 11.226 GC heap before
{Heap before GC invocations=12 (full 0):
 garbage-first heap   total 68608K, used 48578K [0x000000008ac00000, 0x0000000100000000)
  region size 1024K, 21 young (21504K), 3 survivors (3072K)
 Metaspace       used 59722K, committed 60288K, reserved 1114112K
  class space    used 8012K, committed 8256K, reserved 1048576K
}
Event: 11.229 GC heap after
{Heap after GC invocations=13 (full 0):
 garbage-first heap   total 68608K, used 33388K [0x000000008ac00000, 0x0000000100000000)
  region size 1024K, 3 young (3072K), 3 survivors (3072K)
 Metaspace       used 59722K, committed 60288K, reserved 1114112K
  class space    used 8012K, committed 8256K, reserved 1048576K
}
Event: 13.053 GC heap before
{Heap before GC invocations=14 (full 0):
 garbage-first heap   total 68608K, used 60012K [0x000000008ac00000, 0x0000000100000000)
  region size 1024K, 29 young (29696K), 3 survivors (3072K)
 Metaspace       used 65958K, committed 66624K, reserved 1114112K
  class space    used 9045K, committed 9344K, reserved 1048576K
}
Event: 13.059 GC heap after
{Heap after GC invocations=15 (full 0):
 garbage-first heap   total 68608K, used 34546K [0x000000008ac00000, 0x0000000100000000)
  region size 1024K, 3 young (3072K), 3 survivors (3072K)
 Metaspace       used 65958K, committed 66624K, reserved 1114112K
  class space    used 9045K, committed 9344K, reserved 1048576K
}
Event: 13.986 GC heap before
{Heap before GC invocations=15 (full 0):
 garbage-first heap   total 68608K, used 61170K [0x000000008ac00000, 0x0000000100000000)
  region size 1024K, 29 young (29696K), 3 survivors (3072K)
 Metaspace       used 70583K, committed 71296K, reserved 1114112K
  class space    used 9639K, committed 9984K, reserved 1048576K
}
Event: 13.992 GC heap after
{Heap after GC invocations=16 (full 0):
 garbage-first heap   total 68608K, used 36804K [0x000000008ac00000, 0x0000000100000000)
  region size 1024K, 4 young (4096K), 4 survivors (4096K)
 Metaspace       used 70583K, committed 71296K, reserved 1114112K
  class space    used 9639K, committed 9984K, reserved 1048576K
}
Event: 14.961 GC heap before
{Heap before GC invocations=16 (full 0):
 garbage-first heap   total 68608K, used 61380K [0x000000008ac00000, 0x0000000100000000)
  region size 1024K, 28 young (28672K), 4 survivors (4096K)
 Metaspace       used 73930K, committed 74624K, reserved 1114112K
  class space    used 10113K, committed 10432K, reserved 1048576K
}
Event: 14.971 GC heap after
{Heap after GC invocations=17 (full 0):
 garbage-first heap   total 68608K, used 39789K [0x000000008ac00000, 0x0000000100000000)
  region size 1024K, 3 young (3072K), 3 survivors (3072K)
 Metaspace       used 73930K, committed 74624K, reserved 1114112K
  class space    used 10113K, committed 10432K, reserved 1048576K
}
Event: 17.879 GC heap before
{Heap before GC invocations=18 (full 0):
 garbage-first heap   total 68608K, used 61293K [0x000000008ac00000, 0x0000000100000000)
  region size 1024K, 25 young (25600K), 3 survivors (3072K)
 Metaspace       used 77405K, committed 78080K, reserved 1179648K
  class space    used 10592K, committed 10880K, reserved 1048576K
}
Event: 17.887 GC heap after
{Heap after GC invocations=19 (full 0):
 garbage-first heap   total 68608K, used 42020K [0x000000008ac00000, 0x0000000100000000)
  region size 1024K, 3 young (3072K), 3 survivors (3072K)
 Metaspace       used 77405K, committed 78080K, reserved 1179648K
  class space    used 10592K, committed 10880K, reserved 1048576K
}
Event: 18.537 GC heap before
{Heap before GC invocations=19 (full 0):
 garbage-first heap   total 68608K, used 60452K [0x000000008ac00000, 0x0000000100000000)
  region size 1024K, 22 young (22528K), 3 survivors (3072K)
 Metaspace       used 80731K, committed 81472K, reserved 1179648K
  class space    used 11054K, committed 11392K, reserved 1048576K
}
Event: 18.545 GC heap after
{Heap after GC invocations=20 (full 0):
 garbage-first heap   total 69632K, used 44290K [0x000000008ac00000, 0x0000000100000000)
  region size 1024K, 3 young (3072K), 3 survivors (3072K)
 Metaspace       used 80731K, committed 81472K, reserved 1179648K
  class space    used 11054K, committed 11392K, reserved 1048576K
}
Event: 108.395 GC heap before
{Heap before GC invocations=20 (full 0):
 garbage-first heap   total 69632K, used 61698K [0x000000008ac00000, 0x0000000100000000)
  region size 1024K, 20 young (20480K), 3 survivors (3072K)
 Metaspace       used 83785K, committed 84544K, reserved 1179648K
  class space    used 11440K, committed 11776K, reserved 1048576K
}

Dll operation events (13 events):
Event: 0.028 Loaded shared library C:\Users\hanna\.jdks\corretto-21.0.9\bin\java.dll
Event: 0.071 Loaded shared library C:\Users\hanna\.jdks\corretto-21.0.9\bin\jsvml.dll
Event: 0.344 Loaded shared library C:\Users\hanna\.jdks\corretto-21.0.9\bin\zip.dll
Event: 0.352 Loaded shared library C:\Users\hanna\.jdks\corretto-21.0.9\bin\instrument.dll
Event: 0.362 Loaded shared library C:\Users\hanna\.jdks\corretto-21.0.9\bin\net.dll
Event: 0.365 Loaded shared library C:\Users\hanna\.jdks\corretto-21.0.9\bin\nio.dll
Event: 0.371 Loaded shared library C:\Users\hanna\.jdks\corretto-21.0.9\bin\zip.dll
Event: 0.628 Loaded shared library C:\Users\hanna\.jdks\corretto-21.0.9\bin\extnet.dll
Event: 0.695 Loaded shared library C:\Users\hanna\.jdks\corretto-21.0.9\bin\jimage.dll
Event: 3.587 Loaded shared library C:\Users\hanna\.jdks\corretto-21.0.9\bin\sunmscapi.dll
Event: 7.076 Loaded shared library C:\Users\hanna\.jdks\corretto-21.0.9\bin\management.dll
Event: 7.079 Loaded shared library C:\Users\hanna\.jdks\corretto-21.0.9\bin\management_ext.dll
Event: 10.042 Loaded shared library C:\Users\hanna\.jdks\corretto-21.0.9\bin\verify.dll

Deoptimization events (20 events):
Event: 107.851 Thread 0x0000022d1d25abc0 DEOPT PACKING pc=0x0000022cca4aa540 sp=0x000000d4695fe0d0
Event: 107.851 Thread 0x0000022d20b1fe50 DEOPT PACKING pc=0x0000022cca4aa540 sp=0x000000d46aafe020
Event: 107.852 Thread 0x0000022d1d25abc0 DEOPT UNPACKING pc=0x0000022cc9c54422 sp=0x000000d4695fe068 mode 2
Event: 107.859 Thread 0x0000022d20b1fe50 DEOPT UNPACKING pc=0x0000022cc9c54422 sp=0x000000d46aafdfb8 mode 2
Event: 108.369 Thread 0x0000022d20b20b70 Uncommon trap: trap_request=0xffffff54 fr.pc=0x0000022cca328930 relative=0x0000000000001350
Event: 108.369 Thread 0x0000022d20b20b70 Uncommon trap: reason=speculate_null_assert action=make_not_entrant pc=0x0000022cca328930 method=jdk.internal.util.ReferencedKeyMap.internKey(Ljdk/internal/util/ReferencedKeyMap;Ljava/lang/Object;)Ljava/lang/Object; @ 28 c2
Event: 108.369 Thread 0x0000022d20b1eaa0 Uncommon trap: trap_request=0xffffff54 fr.pc=0x0000022cca336818 relative=0x0000000000001238
Event: 108.369 Thread 0x0000022d20b225b0 Uncommon trap: trap_request=0xffffff54 fr.pc=0x0000022cca336818 relative=0x0000000000001238
Event: 108.369 Thread 0x0000022d20b1f130 Uncommon trap: trap_request=0xffffff54 fr.pc=0x0000022cca336818 relative=0x0000000000001238
Event: 108.369 Thread 0x0000022d20b20b70 DEOPT PACKING pc=0x0000022cca328930 sp=0x000000d46a5fd120
Event: 108.370 Thread 0x0000022d20b1eaa0 Uncommon trap: reason=speculate_null_assert action=make_not_entrant pc=0x0000022cca336818 method=jdk.internal.util.ReferencedKeyMap.internKey(Ljdk/internal/util/ReferencedKeyMap;Ljava/lang/Object;)Ljava/lang/Object; @ 28 c2
Event: 108.370 Thread 0x0000022d20b225b0 Uncommon trap: reason=speculate_null_assert action=make_not_entrant pc=0x0000022cca336818 method=jdk.internal.util.ReferencedKeyMap.internKey(Ljdk/internal/util/ReferencedKeyMap;Ljava/lang/Object;)Ljava/lang/Object; @ 28 c2
Event: 108.370 Thread 0x0000022d20b1f130 Uncommon trap: reason=speculate_null_assert action=make_not_entrant pc=0x0000022cca336818 method=jdk.internal.util.ReferencedKeyMap.internKey(Ljdk/internal/util/ReferencedKeyMap;Ljava/lang/Object;)Ljava/lang/Object; @ 28 c2
Event: 108.370 Thread 0x0000022d20b20b70 DEOPT UNPACKING pc=0x0000022cc9c54422 sp=0x000000d46a5fcf70 mode 2
Event: 108.370 Thread 0x0000022d20b1eaa0 DEOPT PACKING pc=0x0000022cca336818 sp=0x000000d46a8fcdb0
Event: 108.370 Thread 0x0000022d20b225b0 DEOPT PACKING pc=0x0000022cca336818 sp=0x000000d46adfc710
Event: 108.370 Thread 0x0000022d20b1eaa0 DEOPT UNPACKING pc=0x0000022cc9c54422 sp=0x000000d46a8fcc98 mode 2
Event: 108.370 Thread 0x0000022d20b1f130 DEOPT PACKING pc=0x0000022cca336818 sp=0x000000d46a9fcd80
Event: 108.370 Thread 0x0000022d20b225b0 DEOPT UNPACKING pc=0x0000022cc9c54422 sp=0x000000d46adfc5e0 mode 2
Event: 108.370 Thread 0x0000022d20b1f130 DEOPT UNPACKING pc=0x0000022cc9c54422 sp=0x000000d46a9fcc50 mode 2

Classes loaded (20 events):
Event: 104.661 Loading class sun/nio/ch/SocketAdaptor
Event: 104.679 Loading class sun/nio/ch/SocketAdaptor done
Event: 104.759 Loading class sun/nio/ch/SocketChannelImpl$DefaultOptionsHolder
Event: 104.761 Loading class sun/nio/ch/SocketChannelImpl$DefaultOptionsHolder done
Event: 104.774 Loading class sun/nio/ch/SelectionKeyImpl
Event: 104.779 Loading class java/nio/channels/spi/AbstractSelectionKey
Event: 104.781 Loading class java/nio/channels/SelectionKey
Event: 104.783 Loading class java/nio/channels/SelectionKey done
Event: 104.783 Loading class java/nio/channels/spi/AbstractSelectionKey done
Event: 104.783 Loading class sun/nio/ch/SelectionKeyImpl done
Event: 104.789 Loading class java/lang/invoke/ConstantBootstraps
Event: 104.795 Loading class java/lang/invoke/ConstantBootstraps done
Event: 107.843 Loading class java/lang/Throwable$WrappedPrintStream
Event: 107.846 Loading class java/lang/Throwable$PrintStreamOrWriter
Event: 107.846 Loading class java/lang/Throwable$PrintStreamOrWriter done
Event: 107.846 Loading class java/lang/Throwable$WrappedPrintStream done
Event: 108.104 Loading class sun/nio/cs/ISO_8859_1$Decoder
Event: 108.105 Loading class sun/nio/cs/ISO_8859_1$Decoder done
Event: 108.247 Loading class java/util/concurrent/locks/ReentrantReadWriteLock$Sync$HoldCounter
Event: 108.248 Loading class java/util/concurrent/locks/ReentrantReadWriteLock$Sync$HoldCounter done

Classes unloaded (0 events):
No events

Classes redefined (0 events):
No events

Internal exceptions (20 events):
Event: 13.262 Thread 0x0000022cb8908cd0 Exception <a 'java/lang/IncompatibleClassChangeError'{0x000000008e708c38}: Found class java.lang.Object, but interface was expected> (0x000000008e708c38) 
thrown [s\src\hotspot\share\interpreter\linkResolver.cpp, line 840]
Event: 13.488 Thread 0x0000022cb8908cd0 Exception <a 'java/lang/IncompatibleClassChangeError'{0x000000008e2c4e20}: Found class java.lang.Object, but interface was expected> (0x000000008e2c4e20) 
thrown [s\src\hotspot\share\interpreter\linkResolver.cpp, line 840]
Event: 13.603 Thread 0x0000022cb8908cd0 Exception <a 'java/lang/IncompatibleClassChangeError'{0x000000008df5c4a0}: Found class java.lang.Object, but interface was expected> (0x000000008df5c4a0) 
thrown [s\src\hotspot\share\interpreter\linkResolver.cpp, line 840]
Event: 13.921 Thread 0x0000022cb8908cd0 Exception <a 'java/lang/NoSuchMethodError'{0x000000008d679a08}: 'void java.lang.invoke.DelegatingMethodHandle$Holder.reinvoke_L(java.lang.Object, java.lang.Object, int, java.lang.Object)'> (0x000000008d679a08) 
thrown [s\src\hotspot\share\interpreter\linkResolver.cpp, line 773]
Event: 14.469 Thread 0x0000022cb8908cd0 Exception <a 'java/lang/IncompatibleClassChangeError'{0x000000008e2ac420}: Found class java.lang.Object, but interface was expected> (0x000000008e2ac420) 
thrown [s\src\hotspot\share\interpreter\linkResolver.cpp, line 840]
Event: 14.765 Thread 0x0000022cb8908cd0 Exception <a 'java/lang/NoSuchMethodError'{0x000000008dcb0700}: 'void java.lang.invoke.DirectMethodHandle$Holder.invokeVirtual(java.lang.Object, java.lang.Object, long)'> (0x000000008dcb0700) 
thrown [s\src\hotspot\share\interpreter\linkResolver.cpp, line 773]
Event: 14.921 Thread 0x0000022cb8908cd0 Exception <a 'java/lang/IncompatibleClassChangeError'{0x000000008d898f48}: Found class java.lang.Object, but interface was expected> (0x000000008d898f48) 
thrown [s\src\hotspot\share\interpreter\linkResolver.cpp, line 840]
Event: 15.195 Thread 0x0000022cb8908cd0 Exception <a 'java/lang/IncompatibleClassChangeError'{0x000000008e9a8778}: Found class java.lang.Object, but interface was expected> (0x000000008e9a8778) 
thrown [s\src\hotspot\share\interpreter\linkResolver.cpp, line 840]
Event: 17.638 Thread 0x0000022cb8908cd0 Exception <a 'java/lang/NoSuchMethodError'{0x000000008ddf43b8}: 'java.lang.Object java.lang.invoke.DirectMethodHandle$Holder.invokeVirtual(java.lang.Object, java.lang.Object, java.lang.Object, java.lang.Object, java.lang.Object, java.lang.Object, java.lang.Object)'> (0x000000008ddf43b8) 
thrown [s\src\hotspot\share\interpreter\linkResolver.cpp, line 773]
Event: 17.682 Thread 0x0000022cb8908cd0 Exception <a 'java/lang/NoSuchMethodError'{0x000000008dcdc688}: 'double java.lang.invoke.DirectMethodHandle$Holder.invokeVirtual(java.lang.Object, java.lang.Object)'> (0x000000008dcdc688) 
thrown [s\src\hotspot\share\interpreter\linkResolver.cpp, line 773]
Event: 18.648 Thread 0x0000022cb8908cd0 Exception <a 'java/lang/NoSuchMethodError'{0x000000008ec49168}: 'long java.lang.invoke.DirectMethodHandle$Holder.invokeStatic(java.lang.Object, java.lang.Object, int)'> (0x000000008ec49168) 
thrown [s\src\hotspot\share\interpreter\linkResolver.cpp, line 773]
Event: 18.649 Thread 0x0000022cb8908cd0 Exception <a 'java/lang/NoSuchMethodError'{0x000000008ec53c18}: 'java.lang.Object java.lang.invoke.DelegatingMethodHandle$Holder.reinvoke_L(java.lang.Object, int, int, long, java.lang.Object, long, long, long)'> (0x000000008ec53c18) 
thrown [s\src\hotspot\share\interpreter\linkResolver.cpp, line 773]
Event: 18.652 Thread 0x0000022cb8908cd0 Exception <a 'java/lang/NoSuchMethodError'{0x000000008ec77fd8}: 'java.lang.Object java.lang.invoke.DelegatingMethodHandle$Holder.reinvoke_L(java.lang.Object, java.lang.Object, java.lang.Object, java.lang.Object, java.lang.Object, java.lang.Object, java.lang.Object, java.lang.Object, java.lang.Object, java.lang.Object, java.lang.Object, java.lang.Object, java.lang.Object, java.lang.Object, int, java.lang.Object, java.lang.Object, java.lang.Object, java.lang.Object, java.lang.Object, java.lang.Object, java.l
Event: 18.658 Thread 0x0000022cb8908cd0 Exception <a 'java/lang/NoSuchMethodError'{0x000000008ecccdf0}: 'java.lang.Object java.lang.invoke.DirectMethodHandle$Holder.invokeStatic(java.lang.Object, java.lang.Object, java.lang.Object, java.lang.Object, java.lang.Object, java.lang.Object, java.lang.Object, java.lang.Object, java.lang.Object, java.lang.Object, java.lang.Object, java.lang.Object, java.lang.Object)'> (0x000000008ecccdf0) 
thrown [s\src\hotspot\share\interpreter\linkResolver.cpp, line 773]
Event: 18.660 Thread 0x0000022cb8908cd0 Exception <a 'java/lang/NoSuchMethodError'{0x000000008ecedfd8}: 'java.lang.Object java.lang.invoke.DirectMethodHandle$Holder.invokeStatic(java.lang.Object, java.lang.Object, java.lang.Object, java.lang.Object, java.lang.Object, java.lang.Object, java.lang.Object, java.lang.Object, java.lang.Object, java.lang.Object, java.lang.Object, java.lang.Object, java.lang.Object, java.lang.Object)'> (0x000000008ecedfd8) 
thrown [s\src\hotspot\share\interpreter\linkResolver.cpp, line 773]
Event: 18.661 Thread 0x0000022cb8908cd0 Exception <a 'java/lang/NoSuchMethodError'{0x000000008eb04008}: 'java.lang.Object java.lang.invoke.DelegatingMethodHandle$Holder.reinvoke_L(java.lang.Object, java.lang.Object, java.lang.Object, java.lang.Object, java.lang.Object, java.lang.Object, java.lang.Object, java.lang.Object, java.lang.Object, java.lang.Object, java.lang.Object, java.lang.Object, java.lang.Object, java.lang.Object, java.lang.Object, java.lang.Object, java.lang.Object, java.lang.Object, java.lang.Object, java.lang.Object, java.lang.O
Event: 18.771 Thread 0x0000022d1d258460 Exception <a 'java/lang/NoSuchMethodError'{0x000000008e75fdd8}: 'long java.lang.invoke.DelegatingMethodHandle$Holder.reinvoke_L(java.lang.Object, java.lang.Object)'> (0x000000008e75fdd8) 
thrown [s\src\hotspot\share\interpreter\linkResolver.cpp, line 773]
Event: 107.836 Thread 0x0000022d1d259810 Exception <a 'java/lang/OutOfMemoryError'{0x000000008e881d28}: unable to create native thread: possibly out of memory or process/resource limits reached> (0x000000008e881d28) 
thrown [s\src\hotspot\share\prims\jvm.cpp, line 3026]
Event: 108.077 Thread 0x0000022d20b22c40 Exception <a 'java/lang/NoSuchMethodError'{0x000000008e1206e8}: 'java.lang.Object java.lang.invoke.DirectMethodHandle$Holder.invokeSpecial(java.lang.Object, java.lang.Object, java.lang.Object, java.lang.Object, java.lang.Object, long)'> (0x000000008e1206e8) 
thrown [s\src\hotspot\share\interpreter\linkResolver.cpp, line 773]
Event: 108.078 Thread 0x0000022d20b22c40 Exception <a 'java/lang/NoSuchMethodError'{0x000000008e123e70}: 'java.lang.Object java.lang.invoke.Invokers$Holder.linkToTargetMethod(java.lang.Object, java.lang.Object, java.lang.Object, long, java.lang.Object)'> (0x000000008e123e70) 
thrown [s\src\hotspot\share\interpreter\linkResolver.cpp, line 773]

ZGC Phase Switch (0 events):
No events

VM Operations (20 events):
Event: 68.232 Executing VM operation: Cleanup done
Event: 70.238 Executing VM operation: Cleanup
Event: 70.238 Executing VM operation: Cleanup done
Event: 75.265 Executing VM operation: Cleanup
Event: 75.265 Executing VM operation: Cleanup done
Event: 79.301 Executing VM operation: Cleanup
Event: 79.301 Executing VM operation: Cleanup done
Event: 88.398 Executing VM operation: Cleanup
Event: 88.398 Executing VM operation: Cleanup done
Event: 89.412 Executing VM operation: Cleanup
Event: 89.412 Executing VM operation: Cleanup done
Event: 104.754 Executing VM operation: HandshakeAllThreads (Deoptimize)
Event: 104.758 Executing VM operation: HandshakeAllThreads (Deoptimize) done
Event: 108.156 Executing VM operation: HandshakeAllThreads (Deoptimize)
Event: 108.156 Executing VM operation: HandshakeAllThreads (Deoptimize) done
Event: 108.156 Executing VM operation: Cleanup
Event: 108.156 Executing VM operation: Cleanup done
Event: 108.203 Executing VM operation: HandshakeAllThreads (Deoptimize)
Event: 108.203 Executing VM operation: HandshakeAllThreads (Deoptimize) done
Event: 108.393 Executing VM operation: G1CollectForAllocation (G1 Evacuation Pause)

Memory protections (0 events):
No events

Nmethod flushes (20 events):
Event: 15.020 Thread 0x0000022cd707f640 flushing  nmethod 0x0000022cc2800090
Event: 15.020 Thread 0x0000022cd707f640 flushing  nmethod 0x0000022cc2832590
Event: 15.020 Thread 0x0000022cd707f640 flushing  nmethod 0x0000022cc2832990
Event: 15.020 Thread 0x0000022cd707f640 flushing  nmethod 0x0000022cc2834310
Event: 15.020 Thread 0x0000022cd707f640 flushing  nmethod 0x0000022cc2834a10
Event: 15.020 Thread 0x0000022cd707f640 flushing  nmethod 0x0000022cc2837f90
Event: 15.020 Thread 0x0000022cd707f640 flushing  nmethod 0x0000022cc2873290
Event: 15.020 Thread 0x0000022cd707f640 flushing  nmethod 0x0000022cc28dcf10
Event: 15.020 Thread 0x0000022cd707f640 flushing  nmethod 0x0000022cc29d7610
Event: 15.020 Thread 0x0000022cd707f640 flushing  nmethod 0x0000022cc29da110
Event: 15.020 Thread 0x0000022cd707f640 flushing osr nmethod 0x0000022cc2a10190
Event: 15.020 Thread 0x0000022cd707f640 flushing  nmethod 0x0000022cc2ad2b10
Event: 15.020 Thread 0x0000022cd707f640 flushing  nmethod 0x0000022cc2ad7110
Event: 15.020 Thread 0x0000022cd707f640 flushing  nmethod 0x0000022cc2b19190
Event: 15.020 Thread 0x0000022cd707f640 flushing  nmethod 0x0000022cc2b1da10
Event: 15.020 Thread 0x0000022cd707f640 flushing  nmethod 0x0000022cc2b1ef10
Event: 15.020 Thread 0x0000022cd707f640 flushing  nmethod 0x0000022cc2f03910
Event: 15.020 Thread 0x0000022cd707f640 flushing  nmethod 0x0000022cc3092790
Event: 15.020 Thread 0x0000022cd707f640 flushing  nmethod 0x0000022cc30fe210
Event: 15.020 Thread 0x0000022cd707f640 flushing  nmethod 0x0000022cc3195110

Events (20 events):
Event: 20.839 Thread 0x0000022d1d25e6d0 Thread added: 0x0000022d1d25e6d0
Event: 25.871 Thread 0x0000022d209722a0 Thread exited: 0x0000022d209722a0
Event: 48.699 Thread 0x0000022d1de6ea50 Thread added: 0x0000022d1d25d320
Event: 48.699 Thread 0x0000022d1d257dd0 Thread added: 0x0000022d1d25d9b0
Event: 104.811 Thread 0x0000022d1d259810 Thread added: 0x0000022d1d25ed60
Event: 104.811 Thread 0x0000022d1d259810 Thread added: 0x0000022d1d25f3f0
Event: 104.812 Thread 0x0000022d1d259810 Thread added: 0x0000022d20b1f7c0
Event: 104.812 Thread 0x0000022d1d259810 Thread added: 0x0000022d20b1e410
Event: 104.813 Thread 0x0000022d1d259810 Thread added: 0x0000022d20b1d060
Event: 104.813 Thread 0x0000022d1d259810 Thread added: 0x0000022d20b20b70
Event: 104.813 Thread 0x0000022d1d259810 Thread added: 0x0000022d20b1d6f0
Event: 104.814 Thread 0x0000022d1d259810 Thread added: 0x0000022d20b21200
Event: 104.814 Thread 0x0000022d1d259810 Thread added: 0x0000022d20b1eaa0
Event: 105.814 Thread 0x0000022d1d259810 Thread added: 0x0000022d20b1f130
Event: 105.815 Thread 0x0000022d1d259810 Thread added: 0x0000022d20b1fe50
Event: 105.815 Thread 0x0000022d1d259810 Thread added: 0x0000022d20b1dd80
Event: 105.815 Thread 0x0000022d1d259810 Thread added: 0x0000022d20b22c40
Event: 106.819 Thread 0x0000022d1d259810 Thread added: 0x0000022d20b225b0
Event: 107.853 Thread 0x0000022d1d259810 Thread exited: 0x0000022d1d259810
Event: 108.376 Thread 0x0000022cd70c06c0 Thread added: 0x0000022d209722a0


Dynamic libraries:
0x00007ff690380000 - 0x00007ff69038e000 	C:\Users\hanna\.jdks\corretto-21.0.9\bin\java.exe
0x00007fff51c00000 - 0x00007fff51e67000 	C:\WINDOWS\SYSTEM32\ntdll.dll
0x00007fff51080000 - 0x00007fff51149000 	C:\WINDOWS\System32\KERNEL32.DLL
0x00007fff4f5a0000 - 0x00007fff4f98f000 	C:\WINDOWS\System32\KERNELBASE.dll
0x00007fff4f1f0000 - 0x00007fff4f33b000 	C:\WINDOWS\System32\ucrtbase.dll
0x00007fff04910000 - 0x00007fff04928000 	C:\Users\hanna\.jdks\corretto-21.0.9\bin\jli.dll
0x00007fff04930000 - 0x00007fff0494e000 	C:\Users\hanna\.jdks\corretto-21.0.9\bin\VCRUNTIME140.dll
0x00007fff4fc50000 - 0x00007fff4fe15000 	C:\WINDOWS\System32\USER32.dll
0x00007fff32490000 - 0x00007fff32723000 	C:\WINDOWS\WinSxS\amd64_microsoft.windows.common-controls_6595b64144ccf1df_6.0.26100.7309_none_3e05feeae336a044\COMCTL32.dll
0x00007fff4f570000 - 0x00007fff4f597000 	C:\WINDOWS\System32\win32u.dll
0x00007fff51380000 - 0x00007fff51429000 	C:\WINDOWS\System32\msvcrt.dll
0x00007fff50ee0000 - 0x00007fff50f0b000 	C:\WINDOWS\System32\GDI32.dll
0x00007fff4ede0000 - 0x00007fff4ef0c000 	C:\WINDOWS\System32\gdi32full.dll
0x00007fff4f340000 - 0x00007fff4f3e3000 	C:\WINDOWS\System32\msvcp_win.dll
0x00007fff517e0000 - 0x00007fff51811000 	C:\WINDOWS\System32\IMM32.DLL
0x00007fff28910000 - 0x00007fff2891c000 	C:\Users\hanna\.jdks\corretto-21.0.9\bin\vcruntime140_1.dll
0x00007fff02540000 - 0x00007fff025c9000 	C:\Users\hanna\.jdks\corretto-21.0.9\bin\msvcp140.dll
0x00007ffedd420000 - 0x00007ffede1c7000 	C:\Users\hanna\.jdks\corretto-21.0.9\bin\server\jvm.dll
0x00007fff512c0000 - 0x00007fff51374000 	C:\WINDOWS\System32\ADVAPI32.dll
0x00007fff4fe20000 - 0x00007fff4fec6000 	C:\WINDOWS\System32\sechost.dll
0x00007fff51150000 - 0x00007fff51268000 	C:\WINDOWS\System32\RPCRT4.dll
0x00007fff4fa60000 - 0x00007fff4fad4000 	C:\WINDOWS\System32\WS2_32.dll
0x00007fff4ebb0000 - 0x00007fff4ec0e000 	C:\WINDOWS\SYSTEM32\POWRPROF.dll
0x00007fff47110000 - 0x00007fff47145000 	C:\WINDOWS\SYSTEM32\WINMM.dll
0x00007fff47170000 - 0x00007fff4717b000 	C:\WINDOWS\SYSTEM32\VERSION.dll
0x00007fff4eb90000 - 0x00007fff4eba4000 	C:\WINDOWS\SYSTEM32\UMPDC.dll
0x00007fff4dac0000 - 0x00007fff4dadb000 	C:\WINDOWS\SYSTEM32\kernel.appcore.dll
0x00007fff28310000 - 0x00007fff2831a000 	C:\Users\hanna\.jdks\corretto-21.0.9\bin\jimage.dll
0x00007fff41fb0000 - 0x00007fff421f2000 	C:\WINDOWS\SYSTEM32\DBGHELP.DLL
0x00007fff51450000 - 0x00007fff517d6000 	C:\WINDOWS\System32\combase.dll
0x00007fff50fa0000 - 0x00007fff51076000 	C:\WINDOWS\System32\OLEAUT32.dll
0x00007fff336c0000 - 0x00007fff336fc000 	C:\WINDOWS\SYSTEM32\dbgcore.DLL
0x00007fff4ef10000 - 0x00007fff4efb5000 	C:\WINDOWS\System32\bcryptPrimitives.dll
0x00007fff28180000 - 0x00007fff28190000 	C:\Users\hanna\.jdks\corretto-21.0.9\bin\instrument.dll
0x00007fff048e0000 - 0x00007fff04901000 	C:\Users\hanna\.jdks\corretto-21.0.9\bin\java.dll
0x00007fff4fed0000 - 0x00007fff50623000 	C:\WINDOWS\System32\SHELL32.dll
0x00007fff4f080000 - 0x00007fff4f1ea000 	C:\WINDOWS\System32\wintypes.dll
0x00007fff4c910000 - 0x00007fff4d16e000 	C:\WINDOWS\SYSTEM32\windows.storage.dll
0x00007fff50630000 - 0x00007fff50725000 	C:\WINDOWS\System32\SHCORE.dll
0x00007fff50960000 - 0x00007fff509c6000 	C:\WINDOWS\System32\shlwapi.dll
0x00007fff4ec70000 - 0x00007fff4ec99000 	C:\WINDOWS\SYSTEM32\profapi.dll
0x00007ffef6770000 - 0x00007ffef6847000 	C:\Users\hanna\.jdks\corretto-21.0.9\bin\jsvml.dll
0x00007fff02500000 - 0x00007fff02518000 	C:\Users\hanna\.jdks\corretto-21.0.9\bin\zip.dll
0x00007fff038a0000 - 0x00007fff038b1000 	C:\Users\hanna\.jdks\corretto-21.0.9\bin\net.dll
0x00007fff44da0000 - 0x00007fff44ec8000 	C:\WINDOWS\SYSTEM32\WINHTTP.dll
0x00007fff4e010000 - 0x00007fff4e07b000 	C:\WINDOWS\system32\mswsock.dll
0x00007fff02520000 - 0x00007fff02536000 	C:\Users\hanna\.jdks\corretto-21.0.9\bin\nio.dll
0x00007fff23dc0000 - 0x00007fff23dc9000 	C:\Users\hanna\.jdks\corretto-21.0.9\bin\extnet.dll
0x00007fff4d4b0000 - 0x00007fff4d4e4000 	C:\WINDOWS\SYSTEM32\IPHLPAPI.DLL
0x00007fff50950000 - 0x00007fff5095a000 	C:\WINDOWS\System32\NSI.dll
0x00007fff4d4f0000 - 0x00007fff4d61c000 	C:\WINDOWS\SYSTEM32\DNSAPI.dll
0x00007fff27ee0000 - 0x00007fff27eee000 	C:\Users\hanna\.jdks\corretto-21.0.9\bin\sunmscapi.dll
0x00007fff4f3f0000 - 0x00007fff4f567000 	C:\WINDOWS\System32\CRYPT32.dll
0x00007fff4e550000 - 0x00007fff4e580000 	C:\WINDOWS\SYSTEM32\ncrypt.dll
0x00007fff4e500000 - 0x00007fff4e53f000 	C:\WINDOWS\SYSTEM32\NTASN1.dll
0x00007fff4e400000 - 0x00007fff4e41b000 	C:\WINDOWS\SYSTEM32\CRYPTSP.dll
0x00007fff4da20000 - 0x00007fff4da5a000 	C:\WINDOWS\system32\rsaenh.dll
0x00007fff4e0c0000 - 0x00007fff4e0eb000 	C:\WINDOWS\SYSTEM32\USERENV.dll
0x00007fff4ec40000 - 0x00007fff4ec6a000 	C:\WINDOWS\SYSTEM32\bcrypt.dll
0x00007fff4e260000 - 0x00007fff4e26c000 	C:\WINDOWS\SYSTEM32\CRYPTBASE.dll
0x00007fff43950000 - 0x00007fff4395b000 	C:\Windows\System32\rasadhlp.dll
0x00007fff47ed0000 - 0x00007fff47f56000 	C:\WINDOWS\System32\fwpuclnt.dll
0x00007fff22e70000 - 0x00007fff22e7a000 	C:\Users\hanna\.jdks\corretto-21.0.9\bin\management.dll
0x00007fff22910000 - 0x00007fff2291c000 	C:\Users\hanna\.jdks\corretto-21.0.9\bin\management_ext.dll
0x00007fff51440000 - 0x00007fff51448000 	C:\WINDOWS\System32\PSAPI.DLL
0x00007ffebdac0000 - 0x00007ffebdad8000 	C:\WINDOWS\system32\napinsp.dll
0x00007ffebdaa0000 - 0x00007ffebdab2000 	C:\WINDOWS\System32\winrnr.dll
0x00007ffec6ca0000 - 0x00007ffec6cc2000 	C:\WINDOWS\system32\nlansp_c.dll
0x00007fff43be0000 - 0x00007fff43bf6000 	C:\WINDOWS\system32\wshbth.dll
0x00007fff21050000 - 0x00007fff21060000 	C:\Users\hanna\.jdks\corretto-21.0.9\bin\verify.dll
0x00007fff4bba0000 - 0x00007fff4bba8000 	C:\WINDOWS\system32\wshunix.dll

JVMTI agents:
C:\Program Files\JetBrains\IntelliJ IDEA Community Edition 2025.1.3\lib\idea_rt.jar path:C:\Users\hanna\.jdks\corretto-21.0.9\bin\instrument.dll, loaded, initialized, instrumentlib options:58205

dbghelp: loaded successfully - version: 4.0.5 - missing functions: none
symbol engine: initialized successfully - sym options: 0x614 - pdb path: .;C:\Users\hanna\.jdks\corretto-21.0.9\bin;C:\WINDOWS\SYSTEM32;C:\WINDOWS\WinSxS\amd64_microsoft.windows.common-controls_6595b64144ccf1df_6.0.26100.7309_none_3e05feeae336a044;C:\Users\hanna\.jdks\corretto-21.0.9\bin\server

VM Arguments:
jvm_args: -javaagent:C:\Program Files\JetBrains\IntelliJ IDEA Community Edition 2025.1.3\lib\idea_rt.jar=58205 -Dfile.encoding=UTF-8 -Dsun.stdout.encoding=UTF-8 -Dsun.stderr.encoding=UTF-8 
java_command: com.pepino.albumservice.AlbumServiceApplication
java_class_path (initial): D:\diploma\backend2\album-service\target\classes;C:\Users\hanna\.m2\repository\org\springframework\boot\spring-boot-starter-data-jpa\3.3.5\spring-boot-starter-data-jpa-3.3.5.jar;C:\Users\hanna\.m2\repository\org\springframework\boot\spring-boot-starter-aop\3.3.5\spring-boot-starter-aop-3.3.5.jar;C:\Users\hanna\.m2\repository\org\aspectj\aspectjweaver\1.9.22.1\aspectjweaver-1.9.22.1.jar;C:\Users\hanna\.m2\repository\org\springframework\boot\spring-boot-starter-jdbc\3.3.5\spring-boot-starter-jdbc-3.3.5.jar;C:\Users\hanna\.m2\repository\com\zaxxer\HikariCP\5.1.0\HikariCP-5.1.0.jar;C:\Users\hanna\.m2\repository\org\springframework\spring-jdbc\6.1.14\spring-jdbc-6.1.14.jar;C:\Users\hanna\.m2\repository\org\hibernate\orm\hibernate-core\6.5.3.Final\hibernate-core-6.5.3.Final.jar;C:\Users\hanna\.m2\repository\jakarta\persistence\jakarta.persistence-api\3.1.0\jakarta.persistence-api-3.1.0.jar;C:\Users\hanna\.m2\repository\jakarta\transaction\jakarta.transaction-api\2.0.1\jakarta.transaction-api-2.0.1.jar;C:\Users\hanna\.m2\repository\org\jboss\logging\jboss-logging\3.5.3.Final\jboss-logging-3.5.3.Final.jar;C:\Users\hanna\.m2\repository\org\hibernate\common\hibernate-commons-annotations\6.0.6.Final\hibernate-commons-annotations-6.0.6.Final.jar;C:\Users\hanna\.m2\repository\io\smallrye\jandex\3.1.2\jandex-3.1.2.jar;C:\Users\hanna\.m2\repository\com\fasterxml\classmate\1.7.0\classmate-1.7.0.jar;C:\Users\hanna\.m2\repository\net\bytebuddy\byte-buddy\1.14.19\byte-buddy-1.14.19.jar;C:\Users\hanna\.m2\repository\jakarta\xml\bind\jakarta.xml.bind-api\4.0.2\jakarta.xml.bind-api-4.0.2.jar;C:\Users\hanna\.m2\repository\jakarta\activation\jakarta.activation-api\2.1.3\jakarta.activation-api-2.1.3.jar;C:\Users\hanna\.m2\repository\org\glassfish\jaxb\jaxb-runtime\4.0.5\jaxb-runtime-4.0.5.jar;C:\Users\hanna\.m2\repository\org\glassfish\jaxb\jaxb-core\4.0.5\jaxb-core-4.0.5.jar;C:\Users\hanna\.m2\repository\org\eclipse\angus\angus-activation\2.0.2\angus-activation-2.0.2.jar;C:\Users\hanna\.m2\repository\org\glassfish\jaxb\txw2\4.0.5\txw2-4.0.5.jar;C:\Users\hanna\.m2\repository\com\sun\istack\istack-commons-runtime\4.1.2\istack-commons-runtime-4.1.2.jar;C:\Users\hanna\.m2\repository\jakarta\inject\jakarta.inject-api\2.0.1\jakarta.inject-api-2.0.1.jar;C:\Users\hanna\.m2\repository\org\antlr\antlr4-runtime\4.13.0\antlr4-runtime-4.13.0.jar;C:\Users\hanna\.m2\repository\org\springframework\data\spring-data-jpa\3.3.5\spring-data-jpa-3.3.5.jar;C:\Users\hanna\.m2\repository\org\springframework\data\spring-data-commons\3.3.5\spring-data-commons-3.3.5.jar;C:\Users\hanna\.m2\repository\org\springframework\spring-orm\6.1.14\spring-orm-6.1.14.jar;C:\Users\hanna\.m2\repository\org\springframework\spring-context\6.1.14\spring-context-6.1.14.jar;C:\Users\hanna\.m2\repository\org\springframework\spring-tx\6.1.14\spring-tx-6.1.14.jar;C:\Users\hanna\.m2\repository\org\springframework\spring-beans\6.1.14\spring-beans-6.1.14.jar;C:\Users\hanna\.m2\repository\org\springframework\spring-core\6.1.14\spring-core-6.1.14.jar;C:\Users\hanna\.m2\repository\org\springframework\spring-jcl\6.1.14\spring-jcl-6.1.14.jar;C:\Users\hanna\.m2\repository\jakarta\annotation\jakarta.annotation-api\2.1.1\jakarta.annotation-api-2.1.1.jar;C:\Users\hanna\.m2\repository\org\springframework\spring-aspects\6.1.14\spring-aspects-6.1.14.jar;C:\Users\hanna\.m2\repository\org\springframework\boot\spring-boot-starter-web\3.3.5\spring-boot-starter-web-3.3.5.jar;C:\Users\hanna\.m2\repository\org\springframework\boot\spring-boot-starter\3.3.5\spring-boot-starter-3.3.5.jar;C:\Users\hanna\.m2\repository\org\springframework\boot\spring-boot-autoconfigure\3.3.5\spring-boot-autoconfigure-3.3.5.jar;C:\Users\hanna\.m2\repository\org\springframework\boot\spring-boot-starter-logging\3.3.5\spring-boot-starter-logging-3.3.5.jar;C:\Users\hanna\.m2\repository\ch\qos\logback\logback-classic\1.5.11\logback-classic-1.5.11.jar;C:\Users\hanna\.m2\repository\ch\qos\logback\logback-core\1.5.11\logback-core-1.5.11.jar;C:\Users\hanna\.m2\repository\org\apache\logging\log4j\log4j-to-slf4j\2.23.1\log4j-to-slf4j-2.23.1.jar;C:\Users\hanna\.m2\repository\org\apache\logging\log4j\log4j-api\2.23.1\log4j-api-2.23.1.jar;C:\Users\hanna\.m2\repository\org\slf4j\jul-to-slf4j\2.0.16\jul-to-slf4j-2.0.16.jar;C:\Users\hanna\.m2\repository\org\springframework\boot\spring-boot-starter-json\3.3.5\spring-boot-starter-json-3.3.5.jar;C:\Users\hanna\.m2\repository\com\fasterxml\jackson\datatype\jackson-datatype-jdk8\2.17.2\jackson-datatype-jdk8-2.17.2.jar;C:\Users\hanna\.m2\repository\com\fasterxml\jackson\datatype\jackson-datatype-jsr310\2.17.2\jackson-datatype-jsr310-2.17.2.jar;C:\Users\hanna\.m2\repository\com\fasterxml\jackson\module\jackson-module-parameter-names\2.17.2\jackson-module-parameter-names-2.17.2.jar;C:\Users\hanna\.m2\repository\org\springframework\boot\spring-boot-starter-tomcat\3.3.5\spring-boot-starter-tomcat-3.3.5.jar;C:\Users\hanna\.m2\repository\org\apache\tomcat\embed\tomcat-embed-core\10.1.31\tomcat-embed-core-10.1.31.jar;C:\Users\hanna\.m2\repository\org\apache\tomcat\embed\tomcat-embed-el\10.1.31\tomcat-embed-el-10.1.31.jar;C:\Users\hanna\.m2\repository\org\apache\tomcat\embed\tomcat-embed-websocket\10.1.31\tomcat-embed-websocket-10.1.31.jar;C:\Users\hanna\.m2\repository\org\springframework\spring-web\6.1.14\spring-web-6.1.14.jar;C:\Users\hanna\.m2\repository\io\micrometer\micrometer-observation\1.13.6\micrometer-observation-1.13.6.jar;C:\Users\hanna\.m2\repository\io\micrometer\micrometer-commons\1.13.6\micrometer-commons-1.13.6.jar;C:\Users\hanna\.m2\repository\org\springframework\spring-webmvc\6.1.14\spring-webmvc-6.1.14.jar;C:\Users\hanna\.m2\repository\org\springframework\spring-expression\6.1.14\spring-expression-6.1.14.jar;C:\Users\hanna\.m2\repository\org\springframework\cloud\spring-cloud-starter-openfeign\4.1.3\spring-cloud-starter-openfeign-4.1.3.jar;C:\Users\hanna\.m2\repository\org\springframework\cloud\spring-cloud-starter\4.1.4\spring-cloud-starter-4.1.4.jar;C:\Users\hanna\.m2\repository\org\springframework\cloud\spring-cloud-context\4.1.4\spring-cloud-context-4.1.4.jar;C:\Users\hanna\.m2\repository\org\springframework\security\spring-security-rsa\1.1.3\spring-security-rsa-1.1.3.jar;C:\Users\hanna\.m2\repository\org\bouncycastle\bcprov-jdk18on\1.78\bcprov-jdk18on-1.78.jar;C:\Users\hanna\.m2\repository\org\springframework\cloud\spring-cloud-openfeign-core\4.1.3\spring-cloud-openfeign-core-4.1.3.jar;C:\Users\hanna\.m2\repository\io\github\openfeign\form\feign-form-spring\3.8.0\feign-form-spring-3.8.0.jar;C:\Users\hanna\.m2\repository\io\github\openfeign\form\feign-form\3.8.0\feign-form-3.8.0.jar;C:\Users\hanna\.m2\repository\commons-fileupload\commons-fileupload\1.5\commons-fileupload-1.5.jar;C:\Users\hanna\.m2\repository\org\springframework\cloud\spring-cloud-commons\4.1.4\spring-cloud-commons-4.1.4.jar;C:\Users\hanna\.m2\repository\org\springframework\security\spring-security-crypto\6.3.4\spring-security-crypto-6.3.4.jar;C:\Users\hanna\.m2\repository\io\github\openfeign\feign-core\13.3\feign-core-13.3.jar;C:\Users\hanna\.m2\repository\io\github\openfeign\feign-slf4j\13.3\feign-slf4j-13.3.jar;C:\Users\hanna\.m2\repository\org\springframework\cloud\spring-cloud-starter-netflix-eureka-client\4.1.3\spring-cloud-starter-netflix-eureka-client-4.1.3.jar;C:\Users\hanna\.m2\repository\org\springframework\cloud\spring-cloud-netflix-eureka-client\4.1.3\spring-cloud-netflix-eureka-client-4.1.3.jar;C:\Users\hanna\.m2\repository\org\apache\httpcomponents\client5\httpclient5\5.3.1\httpclient5-5.3.1.jar;C:\Users\hanna\.m2\repository\org\apache\httpcomponents\core5\httpcore5\5.2.5\httpcore5-5.2.5.jar;C:\Users\hanna\.m2\repository\org\apache\httpcomponents\core5\httpcore5-h2\5.2.5\httpcore5-h2-5.2.5.jar;C:\Users\hanna\.m2\repository\com\netflix\eureka\eureka-client\2.0.3\eureka-client-2.0.3.jar;C:\Users\hanna\.m2\repository\com\thoughtworks\xstream\xstream\1.4.20\xstream-1.4.20.jar;C:\Users\hanna\.m2\repository\io\github\x-stream\mxparser\1.2.2\mxparser-1.2.2.jar;C:\Users\hanna\.m2\repository\xmlpull\xmlpull\1.1.3.1\xmlpull-1.1.3.1.jar;C:\Users\hanna\.m2\repository\jakarta\ws\rs\jakarta.ws.rs-api\3.1.0\jakarta.ws.rs-api-3.1.0.jar;C:\Users\hanna\.m2\repository\com\netflix\spectator\spectator-api\1.7.3\spectator-api-1.7.3.jar;C:\Users\hanna\.m2\repository\org\apache\httpcomponents\httpclient\4.5.3\httpclient-4.5.3.jar;C:\Users\hanna\.m2\repository\commons-configuration\commons-configuration\1.10\commons-configuration-1.10.jar;C:\Users\hanna\.m2\repository\commons-lang\commons-lang\2.6\commons-lang-2.6.jar;C:\Users\hanna\.m2\repository\com\fasterxml\jackson\core\jackson-annotations\2.17.2\jackson-annotations-2.17.2.jar;C:\Users\hanna\.m2\repository\com\fasterxml\jackson\core\jackson-core\2.17.2\jackson-core-2.17.2.jar;C:\Users\hanna\.m2\repository\com\netflix\netflix-commons\netflix-eventbus\0.3.0\netflix-eventbus-0.3.0.jar;C:\Users\hanna\.m2\repository\com\netflix\netflix-commons\netflix-infix\0.3.0\netflix-infix-0.3.0.jar;C:\Users\hanna\.m2\repository\commons-jxpath\commons-jxpath\1.3\commons-jxpath-1.3.jar;C:\Users\hanna\.m2\repository\joda-time\joda-time\2.3\joda-time-2.3.jar;C:\Users\hanna\.m2\repository\org\antlr\antlr-runtime\3.4\antlr-runtime-3.4.jar;C:\Users\hanna\.m2\repository\org\antlr\stringtemplate\3.2.1\stringtemplate-3.2.1.jar;C:\Users\hanna\.m2\repository\antlr\antlr\2.7.7\antlr-2.7.7.jar;C:\Users\hanna\.m2\repository\com\google\code\gson\gson\2.10.1\gson-2.10.1.jar;C:\Users\hanna\.m2\repository\com\netflix\servo\servo-core\0.5.3\servo-core-0.5.3.jar;C:\Users\hanna\.m2\repository\org\apache\commons\commons-math\2.2\commons-math-2.2.jar;C:\Users\hanna\.m2\repository\javax\annotation\javax.annotation-api\1.2\javax.annotation-api-1.2.jar;C:\Users\hanna\.m2\repository\org\codehaus\jettison\jettison\1.5.4\jettison-1.5.4.jar;C:\Users\hanna\.m2\repository\com\netflix\eureka\eureka-core\2.0.3\eureka-core-2.0.3.jar;C:\Users\hanna\.m2\repository\com\fasterxml\woodstox\woodstox-core\6.2.1\woodstox-core-6.2.1.jar;C:\Users\hanna\.m2\repository\org\codehaus\woodstox\stax2-api\4.2.1\stax2-api-4.2.1.jar;C:\Users\hanna\.m2\repository\com\google\guava\guava\33.0.0-jre\guava-33.0.0-jre.jar;C:\Users\hanna\.m2\repository\com\google\guava\failureaccess\1.0.2\failureaccess-1.0.2.jar;C:\Users\hanna\.m2\repository\com\google\guava\listenablefuture\9999.0-empty-to-avoid-conflict-with-guava\listenablefuture-9999.0-empty-to-avoid-conflict-with-guava.jar;C:\Users\hanna\.m2\repository\com\google\errorprone\error_prone_annotations\2.23.0\error_prone_annotations-2.23.0.jar;C:\Users\hanna\.m2\repository\com\google\j2objc\j2objc-annotations\2.8\j2objc-annotations-2.8.jar;C:\Users\hanna\.m2\repository\org\postgresql\postgresql\42.7.4\postgresql-42.7.4.jar;C:\Users\hanna\.m2\repository\org\checkerframework\checker-qual\3.42.0\checker-qual-3.42.0.jar;C:\Users\hanna\.m2\repository\org\springframework\boot\spring-boot-starter-security\3.3.5\spring-boot-starter-security-3.3.5.jar;C:\Users\hanna\.m2\repository\org\springframework\spring-aop\6.1.14\spring-aop-6.1.14.jar;C:\Users\hanna\.m2\repository\org\springframework\security\spring-security-config\6.3.4\spring-security-config-6.3.4.jar;C:\Users\hanna\.m2\repository\org\springframework\security\spring-security-core\6.3.4\spring-security-core-6.3.4.jar;C:\Users\hanna\.m2\repository\org\springframework\security\spring-security-web\6.3.4\spring-security-web-6.3.4.jar;C:\Users\hanna\.m2\repository\io\jsonwebtoken\jjwt-api\0.12.6\jjwt-api-0.12.6.jar;C:\Users\hanna\.m2\repository\io\jsonwebtoken\jjwt-impl\0.12.6\jjwt-impl-0.12.6.jar;C:\Users\hanna\.m2\repository\io\jsonwebtoken\jjwt-jackson\0.12.6\jjwt-jackson-0.12.6.jar;C:\Users\hanna\.m2\repository\com\fasterxml\jackson\core\jackson-databind\2.17.2\jackson-databind-2.17.2.jar;C:\Users\hanna\.m2\repository\org\springframework\cloud\spring-cloud-starter-loadbalancer\4.1.4\spring-cloud-starter-loadbalancer-4.1.4.jar;C:\Users\hanna\.m2\repository\org\springframework\cloud\spring-cloud-loadbalancer\4.1.4\spring-cloud-loadbalancer-4.1.4.jar;C:\Users\hanna\.m2\repository\io\projectreactor\reactor-core\3.6.11\reactor-core-3.6.11.jar;C:\Users\hanna\.m2\repository\io\projectreactor\addons\reactor-extra\3.5.2\reactor-extra-3.5.2.jar;C:\Users\hanna\.m2\repository\org\springframework\boot\spring-boot-starter-cache\3.3.5\spring-boot-starter-cache-3.3.5.jar;C:\Users\hanna\.m2\repository\org\springframework\spring-context-support\6.1.14\spring-context-support-6.1.14.jar;C:\Users\hanna\.m2\repository\com\stoyanr\evictor\1.0.0\evictor-1.0.0.jar;C:\Users\hanna\.m2\repository\org\springframework\boot\spring-boot-starter-webflux\3.3.5\spring-boot-starter-webflux-3.3.5.jar;C:\Users\hanna\.m2\repository\org\springframework\boot\spring-boot-starter-reactor-netty\3.3.5\spring-boot-starter-reactor-netty-3.3.5.jar;C:\Users\hanna\.m2\repository\io\projectreactor\netty\reactor-netty-http\1.1.23\reactor-netty-http-1.1.23.jar;C:\Users\hanna\.m2\repository\io\netty\netty-resolver-dns\4.1.114.Final\netty-resolver-dns-4.1.114.Final.jar;C:\Users\hanna\.m2\repository\io\netty\netty-codec-dns\4.1.114.Final\netty-codec-dns-4.1.114.Final.jar;C:\Users\hanna\.m2\repository\io\netty\netty-resolver-dns-native-macos\4.1.114.Final\netty-resolver-dns-native-macos-4.1.114.Final-osx-x86_64.jar;C:\Users\hanna\.m2\repository\io\netty\netty-resolver-dns-classes-macos\4.1.114.Final\netty-resolver-dns-classes-macos-4.1.114.Final.jar;C:\Users\hanna\.m2\repository\io\netty\netty-transport-native-epoll\4.1.114.Final\netty-transport-native-epoll-4.1.114.Final-linux-x86_64.jar;C:\Users\hanna\.m2\repository\io\projectreactor\netty\reactor-netty-core\1.1.23\reactor-netty-core-1.1.23.jar;C:\Users\hanna\.m2\repository\io\netty\netty-handler-proxy\4.1.114.Final\netty-handler-proxy-4.1.114.Final.jar;C:\Users\hanna\.m2\repository\io\netty\netty-codec-socks\4.1.114.Final\netty-codec-socks-4.1.114.Final.jar;C:\Users\hanna\.m2\repository\org\springframework\spring-webflux\6.1.14\spring-webflux-6.1.14.jar;C:\Users\hanna\.m2\repository\org\slf4j\slf4j-api\2.0.16\slf4j-api-2.0.16.jar;C:\Users\hanna\.m2\repository\org\springframework\boot\spring-boot\3.3.5\spring-boot-3.3.5.jar;C:\Users\hanna\.m2\repository\org\slf4j\slf4j-simple\1.7.36\slf4j-simple-1.7.36.jar;C:\Users\hanna\.m2\repository\software\amazon\awssdk\s3\2.22.12\s3-2.22.12.jar;C:\Users\hanna\.m2\repository\software\amazon\awssdk\aws-xml-protocol\2.22.12\aws-xml-protocol-2.22.12.jar;C:\Users\hanna\.m2\repository\software\amazon\awssdk\aws-query-protocol\2.22.12\aws-query-protocol-2.22.12.jar;C:\Users\hanna\.m2\repository\software\amazon\awssdk\protocol-core\2.22.12\protocol-core-2.22.12.jar;C:\Users\hanna\.m2\repository\software\amazon\awssdk\arns\2.22.12\arns-2.22.12.jar;C:\Users\hanna\.m2\repository\software\amazon\awssdk\profiles\2.22.12\profiles-2.22.12.jar;C:\Users\hanna\.m2\repository\software\amazon\awssdk\crt-core\2.22.12\crt-core-2.22.12.jar;C:\Users\hanna\.m2\repository\software\amazon\awssdk\http-auth\2.22.12\http-auth-2.22.12.jar;C:\Users\hanna\.m2\repository\software\amazon\awssdk\identity-spi\2.22.12\identity-spi-2.22.12.jar;C:\Users\hanna\.m2\repository\software\amazon\awssdk\http-auth-spi\2.22.12\http-auth-spi-2.22.12.jar;C:\Users\hanna\.m2\repository\org\reactivestreams\reactive-streams\1.0.4\reactive-streams-1.0.4.jar;C:\Users\hanna\.m2\repository\software\amazon\awssdk\http-auth-aws\2.22.12\http-auth-aws-2.22.12.jar;C:\Users\hanna\.m2\repository\software\amazon\awssdk\checksums\2.22.12\checksums-2.22.12.jar;C:\Users\hanna\.m2\repository\software\amazon\awssdk\checksums-spi\2.22.12\checksums-spi-2.22.12.jar;C:\Users\hanna\.m2\repository\software\amazon\awssdk\sdk-core\2.22.12\sdk-core-2.22.12.jar;C:\Users\hanna\.m2\repository\software\amazon\awssdk\auth\2.22.12\auth-2.22.12.jar;C:\Users\hanna\.m2\repository\software\amazon\eventstream\eventstream\1.0.1\eventstream-1.0.1.jar;C:\Users\hanna\.m2\repository\software\amazon\awssdk\http-client-spi\2.22.12\http-client-spi-2.22.12.jar;C:\Users\hanna\.m2\repository\software\amazon\awssdk\regions\2.22.12\regions-2.22.12.jar;C:\Users\hanna\.m2\repository\software\amazon\awssdk\annotations\2.22.12\annotations-2.22.12.jar;C:\Users\hanna\.m2\repository\software\amazon\awssdk\utils\2.22.12\utils-2.22.12.jar;C:\Users\hanna\.m2\repository\software\amazon\awssdk\aws-core\2.22.12\aws-core-2.22.12.jar;C:\Users\hanna\.m2\repository\software\amazon\awssdk\metrics-spi\2.22.12\metrics-spi-2.22.12.jar;C:\Users\hanna\.m2\repository\software\amazon\awssdk\json-utils\2.22.12\json-utils-2.22.12.jar;C:\Users\hanna\.m2\repository\software\amazon\awssdk\third-party-jackson-core\2.22.12\third-party-jackson-core-2.22.12.jar;C:\Users\hanna\.m2\repository\software\amazon\awssdk\endpoints-spi\2.22.12\endpoints-spi-2.22.12.jar;C:\Users\hanna\.m2\repository\software\amazon\awssdk\apache-client\2.22.12\apache-client-2.22.12.jar;C:\Users\hanna\.m2\repository\org\apache\httpcomponents\httpcore\4.4.16\httpcore-4.4.16.jar;C:\Users\hanna\.m2\repository\commons-codec\commons-codec\1.16.1\commons-codec-1.16.1.jar;C:\Users\hanna\.m2\repository\software\amazon\awssdk\netty-nio-client\2.22.12\netty-nio-client-2.22.12.jar;C:\Users\hanna\.m2\repository\io\netty\netty-codec-http\4.1.114.Final\netty-codec-http-4.1.114.Final.jar;C:\Users\hanna\.m2\repository\io\netty\netty-codec-http2\4.1.114.Final\netty-codec-http2-4.1.114.Final.jar;C:\Users\hanna\.m2\repository\io\netty\netty-codec\4.1.114.Final\netty-codec-4.1.114.Final.jar;C:\Users\hanna\.m2\repository\io\netty\netty-transport\4.1.114.Final\netty-transport-4.1.114.Final.jar;C:\Users\hanna\.m2\repository\io\netty\netty-common\4.1.114.Final\netty-common-4.1.114.Final.jar;C:\Users\hanna\.m2\repository\io\netty\netty-buffer\4.1.114.Final\netty-buffer-4.1.114.Final.jar;C:\Users\hanna\.m2\repository\io\netty\netty-handler\4.1.114.Final\netty-handler-4.1.114.Final.jar;C:\Users\hanna\.m2\repository\io\netty\netty-transport-native-unix-common\4.1.114.Final\netty-transport-native-unix-common-4.1.114.Final.jar;C:\Users\hanna\.m2\repository\io\netty\netty-transport-classes-epoll\4.1.114.Final\netty-transport-classes-epoll-4.1.114.Final.jar;C:\Users\hanna\.m2\repository\io\netty\netty-resolver\4.1.114.Final\netty-resolver-4.1.114.Final.jar;C:\Users\hanna\.m2\repository\org\liquibase\liquibase-core\4.29.2\liquibase-core-4.29.2.jar;C:\Users\hanna\.m2\repository\com\opencsv\opencsv\5.9\opencsv-5.9.jar;C:\Users\hanna\.m2\repository\org\yaml\snakeyaml\2.2\snakeyaml-2.2.jar;C:\Users\hanna\.m2\repository\javax\xml\bind\jaxb-api\2.3.1\jaxb-api-2.3.1.jar;C:\Users\hanna\.m2\repository\commons-io\commons-io\2.16.1\commons-io-2.16.1.jar;C:\Users\hanna\.m2\repository\org\apache\commons\commons-collections4\4.4\commons-collections4-4.4.jar;C:\Users\hanna\.m2\repository\org\apache\commons\commons-text\1.12.0\commons-text-1.12.0.jar;C:\Users\hanna\.m2\repository\org\apache\commons\commons-lang3\3.14.0\commons-lang3-3.14.0.jar
Launcher Type: SUN_STANDARD

[Global flags]
     intx CICompilerCount                          = 4                                         {product} {ergonomic}
     uint ConcGCThreads                            = 2                                         {product} {ergonomic}
     uint G1ConcRefinementThreads                  = 8                                         {product} {ergonomic}
   size_t G1HeapRegionSize                         = 1048576                                   {product} {ergonomic}
    uintx GCDrainStackTargetSize                   = 64                                        {product} {ergonomic}
   size_t InitialHeapSize                          = 123731968                                 {product} {ergonomic}
   size_t MarkStackSize                            = 4194304                                   {product} {ergonomic}
   size_t MaxHeapSize                              = 1967128576                                {product} {ergonomic}
   size_t MaxNewSize                               = 1179648000                                {product} {ergonomic}
   size_t MinHeapDeltaBytes                        = 1048576                                   {product} {ergonomic}
   size_t MinHeapSize                              = 8388608                                   {product} {ergonomic}
    uintx NonNMethodCodeHeapSize                   = 5839372                                {pd product} {ergonomic}
    uintx NonProfiledCodeHeapSize                  = 122909434                              {pd product} {ergonomic}
    uintx ProfiledCodeHeapSize                     = 122909434                              {pd product} {ergonomic}
    uintx ReservedCodeCacheSize                    = 251658240                              {pd product} {ergonomic}
     bool SegmentedCodeCache                       = true                                      {product} {ergonomic}
   size_t SoftMaxHeapSize                          = 1967128576                             {manageable} {ergonomic}
     bool UseCompressedOops                        = true                           {product lp64_product} {ergonomic}
     bool UseG1GC                                  = true                                      {product} {ergonomic}
     bool UseLargePagesIndividualAllocation        = false                                  {pd product} {ergonomic}

Logging:
Log output configuration:
 #0: stdout all=warning uptime,level,tags foldmultilines=false
 #1: stderr all=off uptime,level,tags foldmultilines=false

Release file:
IMPLEMENTOR="Amazon.com Inc." 
IMPLEMENTOR_VERSION="Corretto-21.0.9.10.1" 
JAVA_RUNTIME_VERSION="21.0.9+10-LTS" 
JAVA_VERSION="21.0.9" 
JAVA_VERSION_DATE="2025-10-21" 
LIBC="default" 
MODULES="java.base java.compiler java.datatransfer java.xml java.prefs java.desktop java.instrument java.logging java.management java.security.sasl java.naming java.rmi java.management.rmi java.net.http java.scripting java.security.jgss java.transaction.xa java.sql java.sql.rowset java.xml.crypto java.se java.smartcardio jdk.accessibility jdk.internal.jvmstat jdk.attach jdk.charsets jdk.internal.opt jdk.zipfs jdk.compiler jdk.crypto.ec jdk.crypto.cryptoki jdk.crypto.mscapi jdk.dynalink jdk.internal.ed jdk.editpad jdk.hotspot.agent jdk.httpserver jdk.incubator.vector jdk.internal.le jdk.internal.vm.ci jdk.internal.vm.compiler jdk.internal.vm.compiler.management jdk.jartool jdk.javadoc jdk.jcmd jdk.management jdk.management.agent jdk.jconsole jdk.jdeps jdk.jdwp.agent jdk.jdi jdk.jfr jdk.jlink jdk.jpackage jdk.jshell jdk.jsobject jdk.jstatd jdk.localedata jdk.management.jfr jdk.naming.dns jdk.naming.rmi jdk.net jdk.nio.mapmode jdk.random jdk.sctp jdk.security.auth jdk.security.jgss jdk.unsupported jdk.unsupported.desktop jdk.xml.dom" 
OS_ARCH="x86_64" 
OS_NAME="Windows" 
SOURCE="" 

Environment Variables:
JAVA_HOME=C:\Program Files\Java\jdk-24
PATH=C:\Program Files\Common Files\Oracle\Java\javapath;C:\Program Files (x86)\Common Files\Oracle\Java\java8path;C:\Program Files (x86)\Common Files\Oracle\Java\javapath;C:\WINDOWS\system32;C:\WINDOWS;C:\WINDOWS\System32\Wbem;C:\WINDOWS\System32\WindowsPowerShell\v1.0\;C:\WINDOWS\System32\OpenSSH\;C:\Program Files\Git\cmd;C:\Program Files\nodejs\;C:\Program Files\cursor\resources\app\bin;D:\MinIO;C:\Program Files\Amazon\AWSCLI\bin\;C:\Program Files\apache-maven-3.9.11\bin;C:\Program Files\Java\jdk-24\bin;C:\Users\hanna\AppData\Local\Microsoft\WindowsApps;C:\Users\hanna\AppData\Local\Programs\Microsoft VS Code\bin;C:\Users\hanna\AppData\Local\Python\bin
USERNAME=hanna
OS=Windows_NT
PROCESSOR_IDENTIFIER=AMD64 Family 23 Model 104 Stepping 1, AuthenticAMD
TMP=C:\Users\hanna\AppData\Local\Temp
TEMP=C:\Users\hanna\AppData\Local\Temp




Periodic native trim disabled

---------------  S Y S T E M  ---------------

OS:
 Windows 11 , 64 bit Build 26100 (10.0.26100.7623)
OS uptime: 10 days 1:56 hours
Hyper-V role detected

CPU: total 8 (initial active 8) (8 cores per cpu, 2 threads per core) family 23 model 104 stepping 1 microcode 0x8608108, cx8, cmov, fxsr, ht, mmx, 3dnowpref, sse, sse2, sse3, ssse3, sse4a, sse4.1, sse4.2, popcnt, lzcnt, tsc, tscinvbit, avx, avx2, aes, clmul, bmi1, bmi2, adx, sha, fma, vzeroupper, clflush, clflushopt, hv, rdtscp, rdpid, f16c
Processor Information for processor 0
  Max Mhz: 2600, Current Mhz: 2600, Mhz Limit: 2600
Processor Information for processor 1
  Max Mhz: 2600, Current Mhz: 1789, Mhz Limit: 2600
Processor Information for processor 2
  Max Mhz: 2600, Current Mhz: 2600, Mhz Limit: 2600
Processor Information for processor 3
  Max Mhz: 2600, Current Mhz: 1789, Mhz Limit: 2600
Processor Information for processor 4
  Max Mhz: 2600, Current Mhz: 2600, Mhz Limit: 2600
Processor Information for processor 5
  Max Mhz: 2600, Current Mhz: 2600, Mhz Limit: 2600
Processor Information for processor 6
  Max Mhz: 2600, Current Mhz: 2600, Mhz Limit: 2600
Processor Information for processor 7
  Max Mhz: 2600, Current Mhz: 2600, Mhz Limit: 2600

Memory: 4k page, system-wide physical 7502M (371M free)
TotalPageFile size 23642M (AvailPageFile size 12M)
current process WorkingSet (physical memory assigned to process): 136M, peak: 310M
current process commit charge ("private bytes"): 324M, peak: 346M

vm_info: OpenJDK 64-Bit Server VM (21.0.9+10-LTS) for windows-amd64 JRE (21.0.9+10-LTS), built on 2025-10-16T09:41:28Z by "Administrator" with unknown MS VC++:1944

END.
